>>> Script started
>>> __name__ = __main__
>>> sys.argv[0] = run_test_recommenders.py
>>> Starting imports...
>>> Imported BaseCBFRecommender
>>> Imported Evaluator
>>> Imported Movielens1MReader
>>> Imported DataSplitter_leave_k_out
>>> Imported Incremental_Training_Early_Stopping
Tensorflow is not available
>>> Imported Recommender_import_list
ending imports
>>> entering __main__
>>> inside main()
>>> __name__ = __main__
>>> sys.argv[0] = run_test_recommenders.py
>>> PID = 1441620
>>> Parent PID = 1441604
>>> ENV PATH = /leonardo_work/IscrC_DMG4RS/checkpointing/RecSysFramework_public/.condaenv/bin:/leonardo/prod/spack/5.2/install/0.21/linux-rhel8-icelake/gcc-8.5.0/anaconda3-2023.09-0-zcre7pfofz45c3btxpdk5zvcicdq5evx/bin:/leonardo/home/userexternal/flentini/.local/bin:/leonardo/home/userexternal/flentini/bin:/cineca/bin:/leonardo/prod/opt/tools/cintools/1.0/none/bin:/leonardo/prod/spack/03/install/0.19/linux-rhel8-icelake/gcc-8.5.0/environment-modules-5.2.0-rz47odw4phlhzhhbz7b65nv5s5othgmi/bin:/usr/local/bin:/usr/bin:/usr/local/sbin:/usr/sbin
>>> ENV LD_PRELOAD = None
>>> Starting at 2025-07-01 12:26:10
DataSplitter_leave_k_out: Cold users not allowed
DataSplitter_leave_k_out: Verifying data consistency...
DataSplitter_leave_k_out: Verifying data consistency... Passed!
DataSplitter_leave_k_out: DataReader: Movielens1M
	Num items: 3883
	Num users: 6040
	Train 		interactions 976049, 	density 4.16E-02
	Validation 	interactions 12080, 	density 5.15E-04
	Test 		interactions 12080, 	density 5.15E-04



	ICM name: ICM_genres, Num features: 18, feature occurrences: 6408, density 9.17E-02
	ICM name: ICM_year, Num features: 1, feature occurrences: 3883, density 1.00E+00
	UCM name: UCM_all, Num features: 3469, feature occurrences: 24160, density 1.15E-03


DataSplitter_leave_k_out: Done.
MatrixFactorization_BPR_Cython_Recommender: URM Detected 183 ( 4.7%) items with no interactions.
MF_BPR: Processed 7000 (100.0%) in 0.70 sec. MSE loss 2.01E-03. Sample per second: 10014
MF_BPR: Epoch 1 of 2000. Elapsed time 0.03 sec
MF_BPR: Processed 7000 (100.0%) in 0.71 sec. MSE loss 2.05E-03. Sample per second: 9914
MF_BPR: Epoch 2 of 2000. Elapsed time 0.03 sec
MF_BPR: Processed 7000 (100.0%) in 0.71 sec. MSE loss 1.96E-03. Sample per second: 9819
MF_BPR: Epoch 3 of 2000. Elapsed time 0.04 sec
MF_BPR: Processed 7000 (100.0%) in 0.72 sec. MSE loss 2.07E-03. Sample per second: 9729
MF_BPR: Epoch 4 of 2000. Elapsed time 0.05 sec
MF_BPR: Processed 7000 (100.0%) in 0.73 sec. MSE loss 2.08E-03. Sample per second: 9642
MF_BPR: Validation begins...
EvaluatorHoldout: Processed 6040 (100.0%) in 1.98 sec. Users per second: 3048
MF_BPR: CUTOFF: 5 - PRECISION: 0.0004967, PRECISION_RECALL_MIN_DEN: 0.0012417, RECALL: 0.0012417, MAP: 0.0002643, MAP_MIN_DEN: 0.0006609, MRR: 0.0013217, NDCG: 0.0009120, F1: 0.0007096, HIT_RATE: 0.0024834, ARHR_ALL_HITS: 0.0013217, NOVELTY: 0.0166789, AVERAGE_POPULARITY: 0.0638672, DIVERSITY_MEAN_INTER_LIST: 0.9885436, DIVERSITY_HERFINDAHL: 0.9976760, COVERAGE_ITEM: 0.3602884, COVERAGE_ITEM_HIT: 0.0038630, ITEMS_IN_GT: 0.5791913, COVERAGE_USER: 1.0000000, COVERAGE_USER_HIT: 0.0024834, USERS_IN_GT: 1.0000000, DIVERSITY_GINI: 0.1299831, SHANNON_ENTROPY: 9.3776474, RATIO_DIVERSITY_HERFINDAHL: 0.9984842, RATIO_DIVERSITY_GINI: 0.3701955, RATIO_SHANNON_ENTROPY: 0.8667124, RATIO_AVERAGE_POPULARITY: 0.2258425, RATIO_NOVELTY: 0.0370409, 

MF_BPR: New best model found! Updating.
MF_BPR: Epoch 5 of 2000. Elapsed time 2.07 sec
MF_BPR: Processed 7000 (100.0%) in 0.75 sec. MSE loss 2.04E-03. Sample per second: 9367
MF_BPR: Epoch 6 of 2000. Elapsed time 2.08 sec
MF_BPR: Processed 7000 (100.0%) in 0.75 sec. MSE loss 2.00E-03. Sample per second: 9281
MF_BPR: Epoch 7 of 2000. Elapsed time 2.08 sec
MF_BPR: Processed 7000 (100.0%) in 0.76 sec. MSE loss 2.03E-03. Sample per second: 9198
MF_BPR: Epoch 8 of 2000. Elapsed time 2.09 sec
MF_BPR: Processed 7000 (100.0%) in 0.77 sec. MSE loss 2.03E-03. Sample per second: 9119
MF_BPR: Epoch 9 of 2000. Elapsed time 2.10 sec
MF_BPR: Processed 7000 (100.0%) in 0.77 sec. MSE loss 2.00E-03. Sample per second: 9041
MF_BPR: Validation begins...
EvaluatorHoldout: Processed 6040 (100.0%) in 1.84 sec. Users per second: 3283
MF_BPR: CUTOFF: 5 - PRECISION: 0.0004967, PRECISION_RECALL_MIN_DEN: 0.0012417, RECALL: 0.0012417, MAP: 0.0002643, MAP_MIN_DEN: 0.0006609, MRR: 0.0013217, NDCG: 0.0009120, F1: 0.0007096, HIT_RATE: 0.0024834, ARHR_ALL_HITS: 0.0013217, NOVELTY: 0.0166789, AVERAGE_POPULARITY: 0.0638672, DIVERSITY_MEAN_INTER_LIST: 0.9885436, DIVERSITY_HERFINDAHL: 0.9976760, COVERAGE_ITEM: 0.3602884, COVERAGE_ITEM_HIT: 0.0038630, ITEMS_IN_GT: 0.5791913, COVERAGE_USER: 1.0000000, COVERAGE_USER_HIT: 0.0024834, USERS_IN_GT: 1.0000000, DIVERSITY_GINI: 0.1299831, SHANNON_ENTROPY: 9.3776474, RATIO_DIVERSITY_HERFINDAHL: 0.9984842, RATIO_DIVERSITY_GINI: 0.3701955, RATIO_SHANNON_ENTROPY: 0.8667124, RATIO_AVERAGE_POPULARITY: 0.2258425, RATIO_NOVELTY: 0.0370409, 

MF_BPR: Epoch 10 of 2000. Elapsed time 3.95 sec
MF_BPR: Processed 7000 (100.0%) in 0.63 sec. MSE loss 2.03E-03. Sample per second: 11129
MF_BPR: Epoch 11 of 2000. Elapsed time 3.96 sec
MF_BPR: Processed 7000 (100.0%) in 0.64 sec. MSE loss 2.06E-03. Sample per second: 11008
MF_BPR: Epoch 12 of 2000. Elapsed time 3.96 sec
MF_BPR: Processed 7000 (100.0%) in 0.64 sec. MSE loss 1.98E-03. Sample per second: 10892
MF_BPR: Epoch 13 of 2000. Elapsed time 3.97 sec
MF_BPR: Processed 7000 (100.0%) in 0.65 sec. MSE loss 2.05E-03. Sample per second: 10781
MF_BPR: Epoch 14 of 2000. Elapsed time 3.98 sec
MF_BPR: Processed 7000 (100.0%) in 0.66 sec. MSE loss 2.05E-03. Sample per second: 10672
MF_BPR: Validation begins...
EvaluatorHoldout: Processed 6040 (100.0%) in 1.91 sec. Users per second: 3158
MF_BPR: CUTOFF: 5 - PRECISION: 0.0004967, PRECISION_RECALL_MIN_DEN: 0.0012417, RECALL: 0.0012417, MAP: 0.0002643, MAP_MIN_DEN: 0.0006609, MRR: 0.0013217, NDCG: 0.0009120, F1: 0.0007096, HIT_RATE: 0.0024834, ARHR_ALL_HITS: 0.0013217, NOVELTY: 0.0166789, AVERAGE_POPULARITY: 0.0638672, DIVERSITY_MEAN_INTER_LIST: 0.9885436, DIVERSITY_HERFINDAHL: 0.9976760, COVERAGE_ITEM: 0.3602884, COVERAGE_ITEM_HIT: 0.0038630, ITEMS_IN_GT: 0.5791913, COVERAGE_USER: 1.0000000, COVERAGE_USER_HIT: 0.0024834, USERS_IN_GT: 1.0000000, DIVERSITY_GINI: 0.1299831, SHANNON_ENTROPY: 9.3776474, RATIO_DIVERSITY_HERFINDAHL: 0.9984842, RATIO_DIVERSITY_GINI: 0.3701955, RATIO_SHANNON_ENTROPY: 0.8667124, RATIO_AVERAGE_POPULARITY: 0.2258425, RATIO_NOVELTY: 0.0370409, 

MF_BPR: Epoch 15 of 2000. Elapsed time 5.90 sec
MF_BPR: Processed 7000 (100.0%) in 0.58 sec. MSE loss 2.05E-03. Sample per second: 12021
MF_BPR: Epoch 16 of 2000. Elapsed time 5.91 sec
MF_BPR: Processed 7000 (100.0%) in 0.59 sec. MSE loss 1.96E-03. Sample per second: 11884
MF_BPR: Epoch 17 of 2000. Elapsed time 5.92 sec
MF_BPR: Processed 7000 (100.0%) in 0.60 sec. MSE loss 2.02E-03. Sample per second: 11752
MF_BPR: Epoch 18 of 2000. Elapsed time 5.92 sec
MF_BPR: Processed 7000 (100.0%) in 0.60 sec. MSE loss 2.11E-03. Sample per second: 11625
MF_BPR: Epoch 19 of 2000. Elapsed time 5.93 sec
MF_BPR: Processed 7000 (100.0%) in 0.61 sec. MSE loss 2.09E-03. Sample per second: 11500
MF_BPR: Validation begins...
EvaluatorHoldout: Processed 6040 (100.0%) in 1.85 sec. Users per second: 3273
MF_BPR: CUTOFF: 5 - PRECISION: 0.0004967, PRECISION_RECALL_MIN_DEN: 0.0012417, RECALL: 0.0012417, MAP: 0.0002643, MAP_MIN_DEN: 0.0006609, MRR: 0.0013217, NDCG: 0.0009120, F1: 0.0007096, HIT_RATE: 0.0024834, ARHR_ALL_HITS: 0.0013217, NOVELTY: 0.0166789, AVERAGE_POPULARITY: 0.0638672, DIVERSITY_MEAN_INTER_LIST: 0.9885436, DIVERSITY_HERFINDAHL: 0.9976760, COVERAGE_ITEM: 0.3602884, COVERAGE_ITEM_HIT: 0.0038630, ITEMS_IN_GT: 0.5791913, COVERAGE_USER: 1.0000000, COVERAGE_USER_HIT: 0.0024834, USERS_IN_GT: 1.0000000, DIVERSITY_GINI: 0.1299831, SHANNON_ENTROPY: 9.3776474, RATIO_DIVERSITY_HERFINDAHL: 0.9984842, RATIO_DIVERSITY_GINI: 0.3701955, RATIO_SHANNON_ENTROPY: 0.8667124, RATIO_AVERAGE_POPULARITY: 0.2258425, RATIO_NOVELTY: 0.0370409, 

MF_BPR: Epoch 20 of 2000. Elapsed time 7.79 sec
MF_BPR: Processed 7000 (100.0%) in 0.47 sec. MSE loss 2.13E-03. Sample per second: 14945
MF_BPR: Epoch 21 of 2000. Elapsed time 7.80 sec
MF_BPR: Processed 7000 (100.0%) in 0.48 sec. MSE loss 1.97E-03. Sample per second: 14726
MF_BPR: Epoch 22 of 2000. Elapsed time 7.80 sec
MF_BPR: Processed 7000 (100.0%) in 0.48 sec. MSE loss 2.03E-03. Sample per second: 14522
MF_BPR: Epoch 23 of 2000. Elapsed time 7.81 sec
MF_BPR: Processed 7000 (100.0%) in 0.49 sec. MSE loss 2.03E-03. Sample per second: 14324
MF_BPR: Epoch 24 of 2000. Elapsed time 7.82 sec
MF_BPR: Processed 7000 (100.0%) in 0.50 sec. MSE loss 2.01E-03. Sample per second: 14134
MF_BPR: Validation begins...
EvaluatorHoldout: Processed 6040 (100.0%) in 1.84 sec. Users per second: 3274
MF_BPR: CUTOFF: 5 - PRECISION: 0.0004967, PRECISION_RECALL_MIN_DEN: 0.0012417, RECALL: 0.0012417, MAP: 0.0002643, MAP_MIN_DEN: 0.0006609, MRR: 0.0013217, NDCG: 0.0009120, F1: 0.0007096, HIT_RATE: 0.0024834, ARHR_ALL_HITS: 0.0013217, NOVELTY: 0.0166789, AVERAGE_POPULARITY: 0.0638672, DIVERSITY_MEAN_INTER_LIST: 0.9885436, DIVERSITY_HERFINDAHL: 0.9976760, COVERAGE_ITEM: 0.3602884, COVERAGE_ITEM_HIT: 0.0038630, ITEMS_IN_GT: 0.5791913, COVERAGE_USER: 1.0000000, COVERAGE_USER_HIT: 0.0024834, USERS_IN_GT: 1.0000000, DIVERSITY_GINI: 0.1299831, SHANNON_ENTROPY: 9.3776474, RATIO_DIVERSITY_HERFINDAHL: 0.9984842, RATIO_DIVERSITY_GINI: 0.3701955, RATIO_SHANNON_ENTROPY: 0.8667124, RATIO_AVERAGE_POPULARITY: 0.2258425, RATIO_NOVELTY: 0.0370409, 

MF_BPR: Epoch 25 of 2000. Elapsed time 9.68 sec
MF_BPR: Processed 7000 (100.0%) in 0.35 sec. MSE loss 2.05E-03. Sample per second: 19737
MF_BPR: Epoch 26 of 2000. Elapsed time 9.68 sec
MF_BPR: Processed 7000 (100.0%) in 0.36 sec. MSE loss 1.98E-03. Sample per second: 19358
MF_BPR: Epoch 27 of 2000. Elapsed time 9.69 sec
MF_BPR: Processed 7000 (100.0%) in 0.37 sec. MSE loss 2.05E-03. Sample per second: 19007
MF_BPR: Epoch 28 of 2000. Elapsed time 9.70 sec
MF_BPR: Processed 7000 (100.0%) in 0.37 sec. MSE loss 2.05E-03. Sample per second: 18670
MF_BPR: Epoch 29 of 2000. Elapsed time 9.70 sec
MF_BPR: Processed 7000 (100.0%) in 0.38 sec. MSE loss 2.02E-03. Sample per second: 18348
MF_BPR: Validation begins...
EvaluatorHoldout: Processed 6040 (100.0%) in 1.84 sec. Users per second: 3290
MF_BPR: CUTOFF: 5 - PRECISION: 0.0004967, PRECISION_RECALL_MIN_DEN: 0.0012417, RECALL: 0.0012417, MAP: 0.0002643, MAP_MIN_DEN: 0.0006609, MRR: 0.0013217, NDCG: 0.0009120, F1: 0.0007096, HIT_RATE: 0.0024834, ARHR_ALL_HITS: 0.0013217, NOVELTY: 0.0166789, AVERAGE_POPULARITY: 0.0638672, DIVERSITY_MEAN_INTER_LIST: 0.9885436, DIVERSITY_HERFINDAHL: 0.9976760, COVERAGE_ITEM: 0.3602884, COVERAGE_ITEM_HIT: 0.0038630, ITEMS_IN_GT: 0.5791913, COVERAGE_USER: 1.0000000, COVERAGE_USER_HIT: 0.0024834, USERS_IN_GT: 1.0000000, DIVERSITY_GINI: 0.1299831, SHANNON_ENTROPY: 9.3776474, RATIO_DIVERSITY_HERFINDAHL: 0.9984842, RATIO_DIVERSITY_GINI: 0.3701955, RATIO_SHANNON_ENTROPY: 0.8667124, RATIO_AVERAGE_POPULARITY: 0.2258425, RATIO_NOVELTY: 0.0370409, 

MF_BPR: Epoch 30 of 2000. Elapsed time 11.55 sec
MF_BPR: Processed 7000 (100.0%) in 0.23 sec. MSE loss 1.94E-03. Sample per second: 30214
MF_BPR: Epoch 31 of 2000. Elapsed time 11.56 sec
MF_BPR: Processed 7000 (100.0%) in 0.24 sec. MSE loss 1.95E-03. Sample per second: 29334
MF_BPR: Epoch 32 of 2000. Elapsed time 11.57 sec
MF_BPR: Processed 7000 (100.0%) in 0.25 sec. MSE loss 2.02E-03. Sample per second: 28524
MF_BPR: Epoch 33 of 2000. Elapsed time 11.57 sec
MF_BPR: Processed 7000 (100.0%) in 0.25 sec. MSE loss 2.01E-03. Sample per second: 27775
MF_BPR: Epoch 34 of 2000. Elapsed time 11.58 sec
MF_BPR: Processed 7000 (100.0%) in 0.26 sec. MSE loss 1.99E-03. Sample per second: 27067
MF_BPR: Validation begins...
EvaluatorHoldout: Processed 6040 (100.0%) in 1.84 sec. Users per second: 3282
MF_BPR: CUTOFF: 5 - PRECISION: 0.0004967, PRECISION_RECALL_MIN_DEN: 0.0012417, RECALL: 0.0012417, MAP: 0.0002643, MAP_MIN_DEN: 0.0006609, MRR: 0.0013217, NDCG: 0.0009120, F1: 0.0007096, HIT_RATE: 0.0024834, ARHR_ALL_HITS: 0.0013217, NOVELTY: 0.0166789, AVERAGE_POPULARITY: 0.0638672, DIVERSITY_MEAN_INTER_LIST: 0.9885436, DIVERSITY_HERFINDAHL: 0.9976760, COVERAGE_ITEM: 0.3602884, COVERAGE_ITEM_HIT: 0.0038630, ITEMS_IN_GT: 0.5791913, COVERAGE_USER: 1.0000000, COVERAGE_USER_HIT: 0.0024834, USERS_IN_GT: 1.0000000, DIVERSITY_GINI: 0.1299831, SHANNON_ENTROPY: 9.3776474, RATIO_DIVERSITY_HERFINDAHL: 0.9984842, RATIO_DIVERSITY_GINI: 0.3701955, RATIO_SHANNON_ENTROPY: 0.8667124, RATIO_AVERAGE_POPULARITY: 0.2258425, RATIO_NOVELTY: 0.0370409, 

MF_BPR: Epoch 35 of 2000. Elapsed time 13.44 sec
MF_BPR: Processed 7000 (100.0%) in 0.12 sec. MSE loss 2.01E-03. Sample per second: 60752
MF_BPR: Epoch 36 of 2000. Elapsed time 13.44 sec
MF_BPR: Processed 7000 (100.0%) in 0.12 sec. MSE loss 2.01E-03. Sample per second: 57267
MF_BPR: Epoch 37 of 2000. Elapsed time 13.45 sec
MF_BPR: Processed 7000 (100.0%) in 0.13 sec. MSE loss 1.96E-03. Sample per second: 54278
MF_BPR: Epoch 38 of 2000. Elapsed time 13.46 sec
MF_BPR: Processed 7000 (100.0%) in 0.14 sec. MSE loss 1.99E-03. Sample per second: 51627
MF_BPR: Epoch 39 of 2000. Elapsed time 13.46 sec
MF_BPR: Processed 7000 (100.0%) in 0.14 sec. MSE loss 2.01E-03. Sample per second: 49238
MF_BPR: Validation begins...
EvaluatorHoldout: Processed 6040 (100.0%) in 1.85 sec. Users per second: 3268
MF_BPR: CUTOFF: 5 - PRECISION: 0.0004967, PRECISION_RECALL_MIN_DEN: 0.0012417, RECALL: 0.0012417, MAP: 0.0002643, MAP_MIN_DEN: 0.0006609, MRR: 0.0013217, NDCG: 0.0009120, F1: 0.0007096, HIT_RATE: 0.0024834, ARHR_ALL_HITS: 0.0013217, NOVELTY: 0.0166789, AVERAGE_POPULARITY: 0.0638672, DIVERSITY_MEAN_INTER_LIST: 0.9885436, DIVERSITY_HERFINDAHL: 0.9976760, COVERAGE_ITEM: 0.3602884, COVERAGE_ITEM_HIT: 0.0038630, ITEMS_IN_GT: 0.5791913, COVERAGE_USER: 1.0000000, COVERAGE_USER_HIT: 0.0024834, USERS_IN_GT: 1.0000000, DIVERSITY_GINI: 0.1299831, SHANNON_ENTROPY: 9.3776474, RATIO_DIVERSITY_HERFINDAHL: 0.9984842, RATIO_DIVERSITY_GINI: 0.3701955, RATIO_SHANNON_ENTROPY: 0.8667124, RATIO_AVERAGE_POPULARITY: 0.2258425, RATIO_NOVELTY: 0.0370409, 

MF_BPR: Epoch 40 of 2000. Elapsed time 15.33 sec
MF_BPR: Processed 7000 (100.0%) in 1.00 sec. MSE loss 1.96E-03. Sample per second: 6966
MF_BPR: Epoch 41 of 2000. Elapsed time 15.33 sec
MF_BPR: Processed 7000 (100.0%) in 0.01 sec. MSE loss 2.02E-03. Sample per second: 592260
MF_BPR: Epoch 42 of 2000. Elapsed time 15.34 sec
MF_BPR: Processed 7000 (100.0%) in 0.02 sec. MSE loss 2.00E-03. Sample per second: 377404
MF_BPR: Epoch 43 of 2000. Elapsed time 15.35 sec
MF_BPR: Processed 7000 (100.0%) in 0.03 sec. MSE loss 2.08E-03. Sample per second: 277818
MF_BPR: Epoch 44 of 2000. Elapsed time 15.35 sec
MF_BPR: Processed 7000 (100.0%) in 0.03 sec. MSE loss 2.01E-03. Sample per second: 219926
MF_BPR: Validation begins...
EvaluatorHoldout: Processed 6040 (100.0%) in 1.85 sec. Users per second: 3267
MF_BPR: CUTOFF: 5 - PRECISION: 0.0004967, PRECISION_RECALL_MIN_DEN: 0.0012417, RECALL: 0.0012417, MAP: 0.0002643, MAP_MIN_DEN: 0.0006609, MRR: 0.0013217, NDCG: 0.0009120, F1: 0.0007096, HIT_RATE: 0.0024834, ARHR_ALL_HITS: 0.0013217, NOVELTY: 0.0166789, AVERAGE_POPULARITY: 0.0638672, DIVERSITY_MEAN_INTER_LIST: 0.9885436, DIVERSITY_HERFINDAHL: 0.9976760, COVERAGE_ITEM: 0.3602884, COVERAGE_ITEM_HIT: 0.0038630, ITEMS_IN_GT: 0.5791913, COVERAGE_USER: 1.0000000, COVERAGE_USER_HIT: 0.0024834, USERS_IN_GT: 1.0000000, DIVERSITY_GINI: 0.1299831, SHANNON_ENTROPY: 9.3776474, RATIO_DIVERSITY_HERFINDAHL: 0.9984842, RATIO_DIVERSITY_GINI: 0.3701955, RATIO_SHANNON_ENTROPY: 0.8667124, RATIO_AVERAGE_POPULARITY: 0.2258425, RATIO_NOVELTY: 0.0370409, 

MF_BPR: Epoch 45 of 2000. Elapsed time 17.22 sec
MF_BPR: Processed 7000 (100.0%) in 0.90 sec. MSE loss 1.98E-03. Sample per second: 7820
MF_BPR: Epoch 46 of 2000. Elapsed time 17.22 sec
MF_BPR: Processed 7000 (100.0%) in 0.90 sec. MSE loss 2.06E-03. Sample per second: 7760
MF_BPR: Epoch 47 of 2000. Elapsed time 17.23 sec
MF_BPR: Processed 7000 (100.0%) in 0.91 sec. MSE loss 1.98E-03. Sample per second: 7702
MF_BPR: Epoch 48 of 2000. Elapsed time 17.24 sec
MF_BPR: Processed 7000 (100.0%) in 0.92 sec. MSE loss 2.06E-03. Sample per second: 7647
MF_BPR: Epoch 49 of 2000. Elapsed time 17.24 sec
MF_BPR: Processed 7000 (100.0%) in 0.92 sec. MSE loss 2.03E-03. Sample per second: 7592
MF_BPR: Validation begins...
EvaluatorHoldout: Processed 6040 (100.0%) in 1.85 sec. Users per second: 3268
MF_BPR: CUTOFF: 5 - PRECISION: 0.0004967, PRECISION_RECALL_MIN_DEN: 0.0012417, RECALL: 0.0012417, MAP: 0.0002643, MAP_MIN_DEN: 0.0006609, MRR: 0.0013217, NDCG: 0.0009120, F1: 0.0007096, HIT_RATE: 0.0024834, ARHR_ALL_HITS: 0.0013217, NOVELTY: 0.0166789, AVERAGE_POPULARITY: 0.0638672, DIVERSITY_MEAN_INTER_LIST: 0.9885436, DIVERSITY_HERFINDAHL: 0.9976760, COVERAGE_ITEM: 0.3602884, COVERAGE_ITEM_HIT: 0.0038630, ITEMS_IN_GT: 0.5791913, COVERAGE_USER: 1.0000000, COVERAGE_USER_HIT: 0.0024834, USERS_IN_GT: 1.0000000, DIVERSITY_GINI: 0.1299831, SHANNON_ENTROPY: 9.3776474, RATIO_DIVERSITY_HERFINDAHL: 0.9984842, RATIO_DIVERSITY_GINI: 0.3701955, RATIO_SHANNON_ENTROPY: 0.8667124, RATIO_AVERAGE_POPULARITY: 0.2258425, RATIO_NOVELTY: 0.0370409, 

MF_BPR: Epoch 50 of 2000. Elapsed time 19.11 sec
MF_BPR: Processed 7000 (100.0%) in 0.78 sec. MSE loss 2.05E-03. Sample per second: 8920
MF_BPR: Epoch 51 of 2000. Elapsed time 19.11 sec
MF_BPR: Processed 7000 (100.0%) in 0.79 sec. MSE loss 2.01E-03. Sample per second: 8842
MF_BPR: Epoch 52 of 2000. Elapsed time 19.12 sec
MF_BPR: Processed 7000 (100.0%) in 0.80 sec. MSE loss 1.99E-03. Sample per second: 8767
MF_BPR: Epoch 53 of 2000. Elapsed time 19.13 sec
MF_BPR: Processed 7000 (100.0%) in 0.81 sec. MSE loss 2.02E-03. Sample per second: 8695
MF_BPR: Epoch 54 of 2000. Elapsed time 19.13 sec
MF_BPR: Processed 7000 (100.0%) in 0.81 sec. MSE loss 2.03E-03. Sample per second: 8623
MF_BPR: Validation begins...
EvaluatorHoldout: Processed 6040 (100.0%) in 1.84 sec. Users per second: 3276
MF_BPR: CUTOFF: 5 - PRECISION: 0.0004967, PRECISION_RECALL_MIN_DEN: 0.0012417, RECALL: 0.0012417, MAP: 0.0002643, MAP_MIN_DEN: 0.0006609, MRR: 0.0013217, NDCG: 0.0009120, F1: 0.0007096, HIT_RATE: 0.0024834, ARHR_ALL_HITS: 0.0013217, NOVELTY: 0.0166789, AVERAGE_POPULARITY: 0.0638672, DIVERSITY_MEAN_INTER_LIST: 0.9885436, DIVERSITY_HERFINDAHL: 0.9976760, COVERAGE_ITEM: 0.3602884, COVERAGE_ITEM_HIT: 0.0038630, ITEMS_IN_GT: 0.5791913, COVERAGE_USER: 1.0000000, COVERAGE_USER_HIT: 0.0024834, USERS_IN_GT: 1.0000000, DIVERSITY_GINI: 0.1299831, SHANNON_ENTROPY: 9.3776474, RATIO_DIVERSITY_HERFINDAHL: 0.9984842, RATIO_DIVERSITY_GINI: 0.3701955, RATIO_SHANNON_ENTROPY: 0.8667124, RATIO_AVERAGE_POPULARITY: 0.2258425, RATIO_NOVELTY: 0.0370409, 

MF_BPR: Epoch 55 of 2000. Elapsed time 20.99 sec
MF_BPR: Processed 7000 (100.0%) in 0.67 sec. MSE loss 2.02E-03. Sample per second: 10448
MF_BPR: Epoch 56 of 2000. Elapsed time 21.00 sec
MF_BPR: Processed 7000 (100.0%) in 0.68 sec. MSE loss 2.05E-03. Sample per second: 10340
MF_BPR: Epoch 57 of 2000. Elapsed time 21.01 sec
MF_BPR: Processed 7000 (100.0%) in 0.68 sec. MSE loss 2.04E-03. Sample per second: 10238
MF_BPR: Epoch 58 of 2000. Elapsed time 21.01 sec
MF_BPR: Processed 7000 (100.0%) in 0.69 sec. MSE loss 1.98E-03. Sample per second: 10140
MF_BPR: Epoch 59 of 2000. Elapsed time 21.02 sec
MF_BPR: Processed 7000 (100.0%) in 0.70 sec. MSE loss 2.02E-03. Sample per second: 10045
MF_BPR: Validation begins...
EvaluatorHoldout: Processed 6040 (100.0%) in 1.85 sec. Users per second: 3267
MF_BPR: CUTOFF: 5 - PRECISION: 0.0004967, PRECISION_RECALL_MIN_DEN: 0.0012417, RECALL: 0.0012417, MAP: 0.0002643, MAP_MIN_DEN: 0.0006609, MRR: 0.0013217, NDCG: 0.0009120, F1: 0.0007096, HIT_RATE: 0.0024834, ARHR_ALL_HITS: 0.0013217, NOVELTY: 0.0166789, AVERAGE_POPULARITY: 0.0638672, DIVERSITY_MEAN_INTER_LIST: 0.9885436, DIVERSITY_HERFINDAHL: 0.9976760, COVERAGE_ITEM: 0.3602884, COVERAGE_ITEM_HIT: 0.0038630, ITEMS_IN_GT: 0.5791913, COVERAGE_USER: 1.0000000, COVERAGE_USER_HIT: 0.0024834, USERS_IN_GT: 1.0000000, DIVERSITY_GINI: 0.1299831, SHANNON_ENTROPY: 9.3776474, RATIO_DIVERSITY_HERFINDAHL: 0.9984842, RATIO_DIVERSITY_GINI: 0.3701955, RATIO_SHANNON_ENTROPY: 0.8667124, RATIO_AVERAGE_POPULARITY: 0.2258425, RATIO_NOVELTY: 0.0370409, 

MF_BPR: Epoch 60 of 2000. Elapsed time 22.88 sec
MF_BPR: Processed 7000 (100.0%) in 0.56 sec. MSE loss 1.97E-03. Sample per second: 12495
MF_BPR: Epoch 61 of 2000. Elapsed time 22.89 sec
MF_BPR: Processed 7000 (100.0%) in 0.57 sec. MSE loss 2.05E-03. Sample per second: 12340
MF_BPR: Epoch 62 of 2000. Elapsed time 22.90 sec
MF_BPR: Processed 7000 (100.0%) in 0.57 sec. MSE loss 1.97E-03. Sample per second: 12196
MF_BPR: Epoch 63 of 2000. Elapsed time 22.90 sec
MF_BPR: Processed 7000 (100.0%) in 0.58 sec. MSE loss 1.98E-03. Sample per second: 12058
MF_BPR: Epoch 64 of 2000. Elapsed time 22.91 sec
MF_BPR: Processed 7000 (100.0%) in 0.59 sec. MSE loss 2.05E-03. Sample per second: 11923
MF_BPR: Validation begins...
EvaluatorHoldout: Processed 6040 (100.0%) in 1.84 sec. Users per second: 3275
MF_BPR: CUTOFF: 5 - PRECISION: 0.0004967, PRECISION_RECALL_MIN_DEN: 0.0012417, RECALL: 0.0012417, MAP: 0.0002643, MAP_MIN_DEN: 0.0006609, MRR: 0.0013217, NDCG: 0.0009120, F1: 0.0007096, HIT_RATE: 0.0024834, ARHR_ALL_HITS: 0.0013217, NOVELTY: 0.0166789, AVERAGE_POPULARITY: 0.0638672, DIVERSITY_MEAN_INTER_LIST: 0.9885436, DIVERSITY_HERFINDAHL: 0.9976760, COVERAGE_ITEM: 0.3602884, COVERAGE_ITEM_HIT: 0.0038630, ITEMS_IN_GT: 0.5791913, COVERAGE_USER: 1.0000000, COVERAGE_USER_HIT: 0.0024834, USERS_IN_GT: 1.0000000, DIVERSITY_GINI: 0.1299831, SHANNON_ENTROPY: 9.3776474, RATIO_DIVERSITY_HERFINDAHL: 0.9984842, RATIO_DIVERSITY_GINI: 0.3701955, RATIO_SHANNON_ENTROPY: 0.8667124, RATIO_AVERAGE_POPULARITY: 0.2258425, RATIO_NOVELTY: 0.0370409, 

MF_BPR: Epoch 65 of 2000. Elapsed time 24.77 sec
MF_BPR: Processed 7000 (100.0%) in 0.45 sec. MSE loss 2.01E-03. Sample per second: 15708
MF_BPR: Epoch 66 of 2000. Elapsed time 24.77 sec
MF_BPR: Processed 7000 (100.0%) in 0.45 sec. MSE loss 2.08E-03. Sample per second: 15476
MF_BPR: Epoch 67 of 2000. Elapsed time 24.78 sec
MF_BPR: Processed 7000 (100.0%) in 0.46 sec. MSE loss 2.04E-03. Sample per second: 15263
MF_BPR: Epoch 68 of 2000. Elapsed time 24.79 sec
MF_BPR: Processed 7000 (100.0%) in 0.46 sec. MSE loss 2.10E-03. Sample per second: 15056
MF_BPR: Epoch 69 of 2000. Elapsed time 24.79 sec
MF_BPR: Processed 7000 (100.0%) in 0.47 sec. MSE loss 1.99E-03. Sample per second: 14857
MF_BPR: Validation begins...
EvaluatorHoldout: Processed 6040 (100.0%) in 1.85 sec. Users per second: 3273
MF_BPR: CUTOFF: 5 - PRECISION: 0.0004967, PRECISION_RECALL_MIN_DEN: 0.0012417, RECALL: 0.0012417, MAP: 0.0002643, MAP_MIN_DEN: 0.0006609, MRR: 0.0013217, NDCG: 0.0009120, F1: 0.0007096, HIT_RATE: 0.0024834, ARHR_ALL_HITS: 0.0013217, NOVELTY: 0.0166789, AVERAGE_POPULARITY: 0.0638672, DIVERSITY_MEAN_INTER_LIST: 0.9885436, DIVERSITY_HERFINDAHL: 0.9976760, COVERAGE_ITEM: 0.3602884, COVERAGE_ITEM_HIT: 0.0038630, ITEMS_IN_GT: 0.5791913, COVERAGE_USER: 1.0000000, COVERAGE_USER_HIT: 0.0024834, USERS_IN_GT: 1.0000000, DIVERSITY_GINI: 0.1299831, SHANNON_ENTROPY: 9.3776474, RATIO_DIVERSITY_HERFINDAHL: 0.9984842, RATIO_DIVERSITY_GINI: 0.3701955, RATIO_SHANNON_ENTROPY: 0.8667124, RATIO_AVERAGE_POPULARITY: 0.2258425, RATIO_NOVELTY: 0.0370409, 

MF_BPR: Epoch 70 of 2000. Elapsed time 26.65 sec
MF_BPR: Processed 7000 (100.0%) in 0.33 sec. MSE loss 1.95E-03. Sample per second: 21030
MF_BPR: Epoch 71 of 2000. Elapsed time 26.66 sec
MF_BPR: Processed 7000 (100.0%) in 0.34 sec. MSE loss 2.06E-03. Sample per second: 20599
MF_BPR: Epoch 72 of 2000. Elapsed time 26.67 sec
MF_BPR: Processed 7000 (100.0%) in 0.35 sec. MSE loss 2.07E-03. Sample per second: 20199
MF_BPR: Epoch 73 of 2000. Elapsed time 26.68 sec
MF_BPR: Processed 7000 (100.0%) in 0.35 sec. MSE loss 1.99E-03. Sample per second: 19821
MF_BPR: Epoch 74 of 2000. Elapsed time 26.68 sec
MF_BPR: Processed 7000 (100.0%) in 0.36 sec. MSE loss 2.01E-03. Sample per second: 19459
MF_BPR: Validation begins...
EvaluatorHoldout: Processed 6040 (100.0%) in 1.85 sec. Users per second: 3262
MF_BPR: CUTOFF: 5 - PRECISION: 0.0004967, PRECISION_RECALL_MIN_DEN: 0.0012417, RECALL: 0.0012417, MAP: 0.0002643, MAP_MIN_DEN: 0.0006609, MRR: 0.0013217, NDCG: 0.0009120, F1: 0.0007096, HIT_RATE: 0.0024834, ARHR_ALL_HITS: 0.0013217, NOVELTY: 0.0166789, AVERAGE_POPULARITY: 0.0638672, DIVERSITY_MEAN_INTER_LIST: 0.9885436, DIVERSITY_HERFINDAHL: 0.9976760, COVERAGE_ITEM: 0.3602884, COVERAGE_ITEM_HIT: 0.0038630, ITEMS_IN_GT: 0.5791913, COVERAGE_USER: 1.0000000, COVERAGE_USER_HIT: 0.0024834, USERS_IN_GT: 1.0000000, DIVERSITY_GINI: 0.1299831, SHANNON_ENTROPY: 9.3776474, RATIO_DIVERSITY_HERFINDAHL: 0.9984842, RATIO_DIVERSITY_GINI: 0.3701955, RATIO_SHANNON_ENTROPY: 0.8667124, RATIO_AVERAGE_POPULARITY: 0.2258425, RATIO_NOVELTY: 0.0370409, 

MF_BPR: Epoch 75 of 2000. Elapsed time 28.55 sec
MF_BPR: Processed 7000 (100.0%) in 0.23 sec. MSE loss 1.96E-03. Sample per second: 31001
MF_BPR: Epoch 76 of 2000. Elapsed time 28.55 sec
MF_BPR: Processed 7000 (100.0%) in 0.23 sec. MSE loss 2.04E-03. Sample per second: 30065
MF_BPR: Epoch 77 of 2000. Elapsed time 28.56 sec
MF_BPR: Processed 7000 (100.0%) in 0.24 sec. MSE loss 1.98E-03. Sample per second: 29229
MF_BPR: Epoch 78 of 2000. Elapsed time 28.57 sec
MF_BPR: Processed 7000 (100.0%) in 0.25 sec. MSE loss 2.01E-03. Sample per second: 28439
MF_BPR: Epoch 79 of 2000. Elapsed time 28.57 sec
MF_BPR: Processed 7000 (100.0%) in 0.25 sec. MSE loss 2.02E-03. Sample per second: 27689
MF_BPR: Validation begins...
EvaluatorHoldout: Processed 6040 (100.0%) in 1.84 sec. Users per second: 3275
MF_BPR: CUTOFF: 5 - PRECISION: 0.0004967, PRECISION_RECALL_MIN_DEN: 0.0012417, RECALL: 0.0012417, MAP: 0.0002643, MAP_MIN_DEN: 0.0006609, MRR: 0.0013217, NDCG: 0.0009120, F1: 0.0007096, HIT_RATE: 0.0024834, ARHR_ALL_HITS: 0.0013217, NOVELTY: 0.0166789, AVERAGE_POPULARITY: 0.0638672, DIVERSITY_MEAN_INTER_LIST: 0.9885436, DIVERSITY_HERFINDAHL: 0.9976760, COVERAGE_ITEM: 0.3602884, COVERAGE_ITEM_HIT: 0.0038630, ITEMS_IN_GT: 0.5791913, COVERAGE_USER: 1.0000000, COVERAGE_USER_HIT: 0.0024834, USERS_IN_GT: 1.0000000, DIVERSITY_GINI: 0.1299831, SHANNON_ENTROPY: 9.3776474, RATIO_DIVERSITY_HERFINDAHL: 0.9984842, RATIO_DIVERSITY_GINI: 0.3701955, RATIO_SHANNON_ENTROPY: 0.8667124, RATIO_AVERAGE_POPULARITY: 0.2258425, RATIO_NOVELTY: 0.0370409, 

MF_BPR: Epoch 80 of 2000. Elapsed time 30.43 sec
MF_BPR: Processed 7000 (100.0%) in 0.11 sec. MSE loss 2.06E-03. Sample per second: 61876
MF_BPR: Epoch 81 of 2000. Elapsed time 30.44 sec
MF_BPR: Processed 7000 (100.0%) in 0.12 sec. MSE loss 1.96E-03. Sample per second: 58217
MF_BPR: Epoch 82 of 2000. Elapsed time 30.45 sec
MF_BPR: Processed 7000 (100.0%) in 0.13 sec. MSE loss 2.04E-03. Sample per second: 55131
MF_BPR: Epoch 83 of 2000. Elapsed time 30.46 sec
MF_BPR: Processed 7000 (100.0%) in 0.13 sec. MSE loss 2.10E-03. Sample per second: 52400
MF_BPR: Epoch 84 of 2000. Elapsed time 30.46 sec
MF_BPR: Processed 7000 (100.0%) in 0.14 sec. MSE loss 2.03E-03. Sample per second: 49945
MF_BPR: Validation begins...
EvaluatorHoldout: Processed 6040 (100.0%) in 1.87 sec. Users per second: 3238
MF_BPR: CUTOFF: 5 - PRECISION: 0.0004967, PRECISION_RECALL_MIN_DEN: 0.0012417, RECALL: 0.0012417, MAP: 0.0002643, MAP_MIN_DEN: 0.0006609, MRR: 0.0013217, NDCG: 0.0009120, F1: 0.0007096, HIT_RATE: 0.0024834, ARHR_ALL_HITS: 0.0013217, NOVELTY: 0.0166789, AVERAGE_POPULARITY: 0.0638672, DIVERSITY_MEAN_INTER_LIST: 0.9885436, DIVERSITY_HERFINDAHL: 0.9976760, COVERAGE_ITEM: 0.3602884, COVERAGE_ITEM_HIT: 0.0038630, ITEMS_IN_GT: 0.5791913, COVERAGE_USER: 1.0000000, COVERAGE_USER_HIT: 0.0024834, USERS_IN_GT: 1.0000000, DIVERSITY_GINI: 0.1299831, SHANNON_ENTROPY: 9.3776474, RATIO_DIVERSITY_HERFINDAHL: 0.9984842, RATIO_DIVERSITY_GINI: 0.3701955, RATIO_SHANNON_ENTROPY: 0.8667124, RATIO_AVERAGE_POPULARITY: 0.2258425, RATIO_NOVELTY: 0.0370409, 

MF_BPR: Epoch 85 of 2000. Elapsed time 32.34 sec
MF_BPR: Processed 7000 (100.0%) in 0.02 sec. MSE loss 2.04E-03. Sample per second: 343237
MF_BPR: Epoch 86 of 2000. Elapsed time 32.35 sec
MF_BPR: Processed 7000 (100.0%) in 0.03 sec. MSE loss 1.98E-03. Sample per second: 255246
MF_BPR: Epoch 87 of 2000. Elapsed time 32.36 sec
MF_BPR: Processed 7000 (100.0%) in 0.03 sec. MSE loss 2.07E-03. Sample per second: 204476
MF_BPR: Epoch 88 of 2000. Elapsed time 32.36 sec
MF_BPR: Processed 7000 (100.0%) in 0.04 sec. MSE loss 2.04E-03. Sample per second: 170986
MF_BPR: Epoch 89 of 2000. Elapsed time 32.37 sec
MF_BPR: Processed 7000 (100.0%) in 0.05 sec. MSE loss 2.09E-03. Sample per second: 146962
MF_BPR: Validation begins...
EvaluatorHoldout: Processed 6040 (100.0%) in 1.85 sec. Users per second: 3266
MF_BPR: CUTOFF: 5 - PRECISION: 0.0004967, PRECISION_RECALL_MIN_DEN: 0.0012417, RECALL: 0.0012417, MAP: 0.0002643, MAP_MIN_DEN: 0.0006609, MRR: 0.0013217, NDCG: 0.0009120, F1: 0.0007096, HIT_RATE: 0.0024834, ARHR_ALL_HITS: 0.0013217, NOVELTY: 0.0166789, AVERAGE_POPULARITY: 0.0638672, DIVERSITY_MEAN_INTER_LIST: 0.9885436, DIVERSITY_HERFINDAHL: 0.9976760, COVERAGE_ITEM: 0.3602884, COVERAGE_ITEM_HIT: 0.0038630, ITEMS_IN_GT: 0.5791913, COVERAGE_USER: 1.0000000, COVERAGE_USER_HIT: 0.0024834, USERS_IN_GT: 1.0000000, DIVERSITY_GINI: 0.1299831, SHANNON_ENTROPY: 9.3776474, RATIO_DIVERSITY_HERFINDAHL: 0.9984842, RATIO_DIVERSITY_GINI: 0.3701955, RATIO_SHANNON_ENTROPY: 0.8667124, RATIO_AVERAGE_POPULARITY: 0.2258425, RATIO_NOVELTY: 0.0370409, 

MF_BPR: Epoch 90 of 2000. Elapsed time 34.23 sec
MF_BPR: Processed 7000 (100.0%) in 0.91 sec. MSE loss 2.04E-03. Sample per second: 7678
MF_BPR: Epoch 91 of 2000. Elapsed time 34.24 sec
MF_BPR: Processed 7000 (100.0%) in 0.92 sec. MSE loss 2.03E-03. Sample per second: 7620
MF_BPR: Epoch 92 of 2000. Elapsed time 34.25 sec
MF_BPR: Processed 7000 (100.0%) in 0.93 sec. MSE loss 2.08E-03. Sample per second: 7564
MF_BPR: Epoch 93 of 2000. Elapsed time 34.25 sec
MF_BPR: Processed 7000 (100.0%) in 0.93 sec. MSE loss 1.97E-03. Sample per second: 7511
MF_BPR: Epoch 94 of 2000. Elapsed time 34.26 sec
MF_BPR: Processed 7000 (100.0%) in 0.94 sec. MSE loss 1.98E-03. Sample per second: 7457
MF_BPR: Validation begins...
EvaluatorHoldout: Processed 6040 (100.0%) in 1.86 sec. Users per second: 3256
MF_BPR: CUTOFF: 5 - PRECISION: 0.0004967, PRECISION_RECALL_MIN_DEN: 0.0012417, RECALL: 0.0012417, MAP: 0.0002643, MAP_MIN_DEN: 0.0006609, MRR: 0.0013217, NDCG: 0.0009120, F1: 0.0007096, HIT_RATE: 0.0024834, ARHR_ALL_HITS: 0.0013217, NOVELTY: 0.0166789, AVERAGE_POPULARITY: 0.0638672, DIVERSITY_MEAN_INTER_LIST: 0.9885436, DIVERSITY_HERFINDAHL: 0.9976760, COVERAGE_ITEM: 0.3602884, COVERAGE_ITEM_HIT: 0.0038630, ITEMS_IN_GT: 0.5791913, COVERAGE_USER: 1.0000000, COVERAGE_USER_HIT: 0.0024834, USERS_IN_GT: 1.0000000, DIVERSITY_GINI: 0.1299831, SHANNON_ENTROPY: 9.3776474, RATIO_DIVERSITY_HERFINDAHL: 0.9984842, RATIO_DIVERSITY_GINI: 0.3701955, RATIO_SHANNON_ENTROPY: 0.8667124, RATIO_AVERAGE_POPULARITY: 0.2258425, RATIO_NOVELTY: 0.0370409, 

MF_BPR: Epoch 95 of 2000. Elapsed time 36.13 sec
MF_BPR: Processed 7000 (100.0%) in 0.81 sec. MSE loss 2.05E-03. Sample per second: 8661
MF_BPR: Epoch 96 of 2000. Elapsed time 36.14 sec
MF_BPR: Processed 7000 (100.0%) in 0.82 sec. MSE loss 2.01E-03. Sample per second: 8586
MF_BPR: Epoch 97 of 2000. Elapsed time 36.14 sec
MF_BPR: Processed 7000 (100.0%) in 0.82 sec. MSE loss 2.03E-03. Sample per second: 8515
MF_BPR: Epoch 98 of 2000. Elapsed time 36.15 sec
MF_BPR: Processed 7000 (100.0%) in 0.83 sec. MSE loss 2.01E-03. Sample per second: 8447
MF_BPR: Epoch 99 of 2000. Elapsed time 36.16 sec
MF_BPR: Processed 7000 (100.0%) in 0.84 sec. MSE loss 1.94E-03. Sample per second: 8380
MF_BPR: Validation begins...
EvaluatorHoldout: Processed 6040 (100.0%) in 1.86 sec. Users per second: 3246
MF_BPR: CUTOFF: 5 - PRECISION: 0.0004967, PRECISION_RECALL_MIN_DEN: 0.0012417, RECALL: 0.0012417, MAP: 0.0002643, MAP_MIN_DEN: 0.0006609, MRR: 0.0013217, NDCG: 0.0009120, F1: 0.0007096, HIT_RATE: 0.0024834, ARHR_ALL_HITS: 0.0013217, NOVELTY: 0.0166789, AVERAGE_POPULARITY: 0.0638672, DIVERSITY_MEAN_INTER_LIST: 0.9885436, DIVERSITY_HERFINDAHL: 0.9976760, COVERAGE_ITEM: 0.3602884, COVERAGE_ITEM_HIT: 0.0038630, ITEMS_IN_GT: 0.5791913, COVERAGE_USER: 1.0000000, COVERAGE_USER_HIT: 0.0024834, USERS_IN_GT: 1.0000000, DIVERSITY_GINI: 0.1299831, SHANNON_ENTROPY: 9.3776474, RATIO_DIVERSITY_HERFINDAHL: 0.9984842, RATIO_DIVERSITY_GINI: 0.3701955, RATIO_SHANNON_ENTROPY: 0.8667124, RATIO_AVERAGE_POPULARITY: 0.2258425, RATIO_NOVELTY: 0.0370409, 

MF_BPR: Epoch 100 of 2000. Elapsed time 38.03 sec
MF_BPR: Processed 7000 (100.0%) in 0.71 sec. MSE loss 1.91E-03. Sample per second: 9861
MF_BPR: Epoch 101 of 2000. Elapsed time 38.04 sec
MF_BPR: Processed 7000 (100.0%) in 0.72 sec. MSE loss 1.95E-03. Sample per second: 9773
MF_BPR: Epoch 102 of 2000. Elapsed time 38.04 sec
MF_BPR: Processed 7000 (100.0%) in 0.72 sec. MSE loss 1.98E-03. Sample per second: 9689
MF_BPR: Epoch 103 of 2000. Elapsed time 38.05 sec
MF_BPR: Processed 7000 (100.0%) in 0.73 sec. MSE loss 2.01E-03. Sample per second: 9608
MF_BPR: Epoch 104 of 2000. Elapsed time 38.06 sec
MF_BPR: Processed 7000 (100.0%) in 0.73 sec. MSE loss 2.03E-03. Sample per second: 9530
MF_BPR: Validation begins...
EvaluatorHoldout: Processed 6040 (100.0%) in 1.86 sec. Users per second: 3251
MF_BPR: CUTOFF: 5 - PRECISION: 0.0004967, PRECISION_RECALL_MIN_DEN: 0.0012417, RECALL: 0.0012417, MAP: 0.0002643, MAP_MIN_DEN: 0.0006609, MRR: 0.0013217, NDCG: 0.0009120, F1: 0.0007096, HIT_RATE: 0.0024834, ARHR_ALL_HITS: 0.0013217, NOVELTY: 0.0166789, AVERAGE_POPULARITY: 0.0638672, DIVERSITY_MEAN_INTER_LIST: 0.9885436, DIVERSITY_HERFINDAHL: 0.9976760, COVERAGE_ITEM: 0.3602884, COVERAGE_ITEM_HIT: 0.0038630, ITEMS_IN_GT: 0.5791913, COVERAGE_USER: 1.0000000, COVERAGE_USER_HIT: 0.0024834, USERS_IN_GT: 1.0000000, DIVERSITY_GINI: 0.1299831, SHANNON_ENTROPY: 9.3776474, RATIO_DIVERSITY_HERFINDAHL: 0.9984842, RATIO_DIVERSITY_GINI: 0.3701955, RATIO_SHANNON_ENTROPY: 0.8667124, RATIO_AVERAGE_POPULARITY: 0.2258425, RATIO_NOVELTY: 0.0370409, 

MF_BPR: Epoch 105 of 2000. Elapsed time 39.93 sec
MF_BPR: Processed 7000 (100.0%) in 0.61 sec. MSE loss 2.03E-03. Sample per second: 11531
MF_BPR: Epoch 106 of 2000. Elapsed time 39.94 sec
MF_BPR: Processed 7000 (100.0%) in 0.61 sec. MSE loss 2.02E-03. Sample per second: 11406
MF_BPR: Epoch 107 of 2000. Elapsed time 39.94 sec
MF_BPR: Processed 7000 (100.0%) in 0.62 sec. MSE loss 2.01E-03. Sample per second: 11288
MF_BPR: Epoch 108 of 2000. Elapsed time 39.95 sec
MF_BPR: Processed 7000 (100.0%) in 0.63 sec. MSE loss 2.07E-03. Sample per second: 11175
MF_BPR: Epoch 109 of 2000. Elapsed time 39.95 sec
MF_BPR: Processed 7000 (100.0%) in 0.63 sec. MSE loss 2.00E-03. Sample per second: 11064
MF_BPR: Validation begins...
EvaluatorHoldout: Processed 6040 (100.0%) in 1.85 sec. Users per second: 3262
MF_BPR: CUTOFF: 5 - PRECISION: 0.0004967, PRECISION_RECALL_MIN_DEN: 0.0012417, RECALL: 0.0012417, MAP: 0.0002643, MAP_MIN_DEN: 0.0006609, MRR: 0.0013217, NDCG: 0.0009120, F1: 0.0007096, HIT_RATE: 0.0024834, ARHR_ALL_HITS: 0.0013217, NOVELTY: 0.0166789, AVERAGE_POPULARITY: 0.0638672, DIVERSITY_MEAN_INTER_LIST: 0.9885436, DIVERSITY_HERFINDAHL: 0.9976760, COVERAGE_ITEM: 0.3602884, COVERAGE_ITEM_HIT: 0.0038630, ITEMS_IN_GT: 0.5791913, COVERAGE_USER: 1.0000000, COVERAGE_USER_HIT: 0.0024834, USERS_IN_GT: 1.0000000, DIVERSITY_GINI: 0.1299831, SHANNON_ENTROPY: 9.3776474, RATIO_DIVERSITY_HERFINDAHL: 0.9984842, RATIO_DIVERSITY_GINI: 0.3701955, RATIO_SHANNON_ENTROPY: 0.8667124, RATIO_AVERAGE_POPULARITY: 0.2258425, RATIO_NOVELTY: 0.0370409, 

MF_BPR: Epoch 110 of 2000. Elapsed time 41.82 sec
MF_BPR: Processed 7000 (100.0%) in 0.50 sec. MSE loss 1.99E-03. Sample per second: 13992
MF_BPR: Epoch 111 of 2000. Elapsed time 41.83 sec
MF_BPR: Processed 7000 (100.0%) in 0.51 sec. MSE loss 2.04E-03. Sample per second: 13801
MF_BPR: Epoch 112 of 2000. Elapsed time 41.84 sec
MF_BPR: Processed 7000 (100.0%) in 0.51 sec. MSE loss 1.99E-03. Sample per second: 13619
MF_BPR: Epoch 113 of 2000. Elapsed time 41.84 sec
MF_BPR: Processed 7000 (100.0%) in 0.52 sec. MSE loss 2.02E-03. Sample per second: 13446
MF_BPR: Epoch 114 of 2000. Elapsed time 41.85 sec
MF_BPR: Processed 7000 (100.0%) in 0.53 sec. MSE loss 2.02E-03. Sample per second: 13277
MF_BPR: Validation begins...
EvaluatorHoldout: Processed 6040 (100.0%) in 1.86 sec. Users per second: 3244
MF_BPR: CUTOFF: 5 - PRECISION: 0.0004967, PRECISION_RECALL_MIN_DEN: 0.0012417, RECALL: 0.0012417, MAP: 0.0002643, MAP_MIN_DEN: 0.0006609, MRR: 0.0013217, NDCG: 0.0009120, F1: 0.0007096, HIT_RATE: 0.0024834, ARHR_ALL_HITS: 0.0013217, NOVELTY: 0.0166789, AVERAGE_POPULARITY: 0.0638672, DIVERSITY_MEAN_INTER_LIST: 0.9885436, DIVERSITY_HERFINDAHL: 0.9976760, COVERAGE_ITEM: 0.3602884, COVERAGE_ITEM_HIT: 0.0038630, ITEMS_IN_GT: 0.5791913, COVERAGE_USER: 1.0000000, COVERAGE_USER_HIT: 0.0024834, USERS_IN_GT: 1.0000000, DIVERSITY_GINI: 0.1299831, SHANNON_ENTROPY: 9.3776474, RATIO_DIVERSITY_HERFINDAHL: 0.9984842, RATIO_DIVERSITY_GINI: 0.3701955, RATIO_SHANNON_ENTROPY: 0.8667124, RATIO_AVERAGE_POPULARITY: 0.2258425, RATIO_NOVELTY: 0.0370409, 

MF_BPR: Epoch 115 of 2000. Elapsed time 43.72 sec
MF_BPR: Processed 7000 (100.0%) in 0.40 sec. MSE loss 1.98E-03. Sample per second: 17341
MF_BPR: Epoch 116 of 2000. Elapsed time 43.73 sec
MF_BPR: Processed 7000 (100.0%) in 0.41 sec. MSE loss 2.06E-03. Sample per second: 17069
MF_BPR: Epoch 117 of 2000. Elapsed time 43.74 sec
MF_BPR: Processed 7000 (100.0%) in 0.42 sec. MSE loss 2.00E-03. Sample per second: 16815
MF_BPR: Epoch 118 of 2000. Elapsed time 43.74 sec
MF_BPR: Processed 7000 (100.0%) in 0.42 sec. MSE loss 1.99E-03. Sample per second: 16571
MF_BPR: Epoch 119 of 2000. Elapsed time 43.75 sec
MF_BPR: Processed 7000 (100.0%) in 0.43 sec. MSE loss 1.99E-03. Sample per second: 16337
MF_BPR: Validation begins...
EvaluatorHoldout: Processed 6040 (100.0%) in 1.85 sec. Users per second: 3264
MF_BPR: CUTOFF: 5 - PRECISION: 0.0004967, PRECISION_RECALL_MIN_DEN: 0.0012417, RECALL: 0.0012417, MAP: 0.0002643, MAP_MIN_DEN: 0.0006609, MRR: 0.0013217, NDCG: 0.0009120, F1: 0.0007096, HIT_RATE: 0.0024834, ARHR_ALL_HITS: 0.0013217, NOVELTY: 0.0166789, AVERAGE_POPULARITY: 0.0638672, DIVERSITY_MEAN_INTER_LIST: 0.9885436, DIVERSITY_HERFINDAHL: 0.9976760, COVERAGE_ITEM: 0.3602884, COVERAGE_ITEM_HIT: 0.0038630, ITEMS_IN_GT: 0.5791913, COVERAGE_USER: 1.0000000, COVERAGE_USER_HIT: 0.0024834, USERS_IN_GT: 1.0000000, DIVERSITY_GINI: 0.1299831, SHANNON_ENTROPY: 9.3776474, RATIO_DIVERSITY_HERFINDAHL: 0.9984842, RATIO_DIVERSITY_GINI: 0.3701955, RATIO_SHANNON_ENTROPY: 0.8667124, RATIO_AVERAGE_POPULARITY: 0.2258425, RATIO_NOVELTY: 0.0370409, 

MF_BPR: Epoch 120 of 2000. Elapsed time 45.62 sec
MF_BPR: Processed 7000 (100.0%) in 0.29 sec. MSE loss 1.98E-03. Sample per second: 23757
MF_BPR: Epoch 121 of 2000. Elapsed time 45.62 sec
MF_BPR: Processed 7000 (100.0%) in 0.30 sec. MSE loss 2.04E-03. Sample per second: 23204
MF_BPR: Epoch 122 of 2000. Elapsed time 45.63 sec
MF_BPR: Processed 7000 (100.0%) in 0.31 sec. MSE loss 1.97E-03. Sample per second: 22696
MF_BPR: Epoch 123 of 2000. Elapsed time 45.64 sec
MF_BPR: Processed 7000 (100.0%) in 0.32 sec. MSE loss 2.04E-03. Sample per second: 22217
MF_BPR: Epoch 124 of 2000. Elapsed time 45.64 sec
MF_BPR: Processed 7000 (100.0%) in 0.32 sec. MSE loss 2.04E-03. Sample per second: 21759
MF_BPR: Validation begins...
EvaluatorHoldout: Processed 6040 (100.0%) in 1.86 sec. Users per second: 3243
MF_BPR: CUTOFF: 5 - PRECISION: 0.0004967, PRECISION_RECALL_MIN_DEN: 0.0012417, RECALL: 0.0012417, MAP: 0.0002643, MAP_MIN_DEN: 0.0006609, MRR: 0.0013217, NDCG: 0.0009120, F1: 0.0007096, HIT_RATE: 0.0024834, ARHR_ALL_HITS: 0.0013217, NOVELTY: 0.0166789, AVERAGE_POPULARITY: 0.0638672, DIVERSITY_MEAN_INTER_LIST: 0.9885436, DIVERSITY_HERFINDAHL: 0.9976760, COVERAGE_ITEM: 0.3602884, COVERAGE_ITEM_HIT: 0.0038630, ITEMS_IN_GT: 0.5791913, COVERAGE_USER: 1.0000000, COVERAGE_USER_HIT: 0.0024834, USERS_IN_GT: 1.0000000, DIVERSITY_GINI: 0.1299831, SHANNON_ENTROPY: 9.3776474, RATIO_DIVERSITY_HERFINDAHL: 0.9984842, RATIO_DIVERSITY_GINI: 0.3701955, RATIO_SHANNON_ENTROPY: 0.8667124, RATIO_AVERAGE_POPULARITY: 0.2258425, RATIO_NOVELTY: 0.0370409, 

MF_BPR: Epoch 125 of 2000. Elapsed time 47.52 sec
MF_BPR: Processed 7000 (100.0%) in 0.20 sec. MSE loss 1.98E-03. Sample per second: 35065
MF_BPR: Epoch 126 of 2000. Elapsed time 47.53 sec
MF_BPR: Processed 7000 (100.0%) in 0.21 sec. MSE loss 2.01E-03. Sample per second: 33874
MF_BPR: Epoch 127 of 2000. Elapsed time 47.54 sec
MF_BPR: Processed 7000 (100.0%) in 0.21 sec. MSE loss 1.97E-03. Sample per second: 32791
MF_BPR: Epoch 128 of 2000. Elapsed time 47.54 sec
MF_BPR: Processed 7000 (100.0%) in 0.22 sec. MSE loss 2.05E-03. Sample per second: 31797
MF_BPR: Epoch 129 of 2000. Elapsed time 47.55 sec
MF_BPR: Processed 7000 (100.0%) in 0.23 sec. MSE loss 2.05E-03. Sample per second: 30863
MF_BPR: Validation begins...
EvaluatorHoldout: Processed 6040 (100.0%) in 1.85 sec. Users per second: 3261
MF_BPR: CUTOFF: 5 - PRECISION: 0.0004967, PRECISION_RECALL_MIN_DEN: 0.0012417, RECALL: 0.0012417, MAP: 0.0002643, MAP_MIN_DEN: 0.0006609, MRR: 0.0013217, NDCG: 0.0009120, F1: 0.0007096, HIT_RATE: 0.0024834, ARHR_ALL_HITS: 0.0013217, NOVELTY: 0.0166789, AVERAGE_POPULARITY: 0.0638672, DIVERSITY_MEAN_INTER_LIST: 0.9885436, DIVERSITY_HERFINDAHL: 0.9976760, COVERAGE_ITEM: 0.3602884, COVERAGE_ITEM_HIT: 0.0038630, ITEMS_IN_GT: 0.5791913, COVERAGE_USER: 1.0000000, COVERAGE_USER_HIT: 0.0024834, USERS_IN_GT: 1.0000000, DIVERSITY_GINI: 0.1299831, SHANNON_ENTROPY: 9.3776474, RATIO_DIVERSITY_HERFINDAHL: 0.9984842, RATIO_DIVERSITY_GINI: 0.3701955, RATIO_SHANNON_ENTROPY: 0.8667124, RATIO_AVERAGE_POPULARITY: 0.2258425, RATIO_NOVELTY: 0.0370409, 

MF_BPR: Epoch 130 of 2000. Elapsed time 49.41 sec
MF_BPR: Processed 7000 (100.0%) in 0.09 sec. MSE loss 2.04E-03. Sample per second: 74175
MF_BPR: Epoch 131 of 2000. Elapsed time 49.42 sec
MF_BPR: Processed 7000 (100.0%) in 0.10 sec. MSE loss 2.06E-03. Sample per second: 69109
MF_BPR: Epoch 132 of 2000. Elapsed time 49.43 sec
MF_BPR: Processed 7000 (100.0%) in 0.11 sec. MSE loss 2.01E-03. Sample per second: 64774
MF_BPR: Epoch 133 of 2000. Elapsed time 49.44 sec
MF_BPR: Processed 7000 (100.0%) in 0.11 sec. MSE loss 1.97E-03. Sample per second: 61033
MF_BPR: Epoch 134 of 2000. Elapsed time 49.44 sec
MF_BPR: Processed 7000 (100.0%) in 0.12 sec. MSE loss 2.02E-03. Sample per second: 57703
MF_BPR: Validation begins...
EvaluatorHoldout: Processed 6040 (100.0%) in 1.87 sec. Users per second: 3236
MF_BPR: CUTOFF: 5 - PRECISION: 0.0004967, PRECISION_RECALL_MIN_DEN: 0.0012417, RECALL: 0.0012417, MAP: 0.0002643, MAP_MIN_DEN: 0.0006609, MRR: 0.0013217, NDCG: 0.0009120, F1: 0.0007096, HIT_RATE: 0.0024834, ARHR_ALL_HITS: 0.0013217, NOVELTY: 0.0166789, AVERAGE_POPULARITY: 0.0638672, DIVERSITY_MEAN_INTER_LIST: 0.9885436, DIVERSITY_HERFINDAHL: 0.9976760, COVERAGE_ITEM: 0.3602884, COVERAGE_ITEM_HIT: 0.0038630, ITEMS_IN_GT: 0.5791913, COVERAGE_USER: 1.0000000, COVERAGE_USER_HIT: 0.0024834, USERS_IN_GT: 1.0000000, DIVERSITY_GINI: 0.1299831, SHANNON_ENTROPY: 9.3776474, RATIO_DIVERSITY_HERFINDAHL: 0.9984842, RATIO_DIVERSITY_GINI: 0.3701955, RATIO_SHANNON_ENTROPY: 0.8667124, RATIO_AVERAGE_POPULARITY: 0.2258425, RATIO_NOVELTY: 0.0370409, 

MF_BPR: Epoch 135 of 2000. Elapsed time 51.32 sec
MF_BPR: Processed 7000 (100.0%) in 1.00 sec. MSE loss 2.00E-03. Sample per second: 6977
MF_BPR: Epoch 136 of 2000. Elapsed time 51.33 sec
MF_BPR: Processed 7000 (100.0%) in 0.01 sec. MSE loss 2.02E-03. Sample per second: 676922
MF_BPR: Epoch 137 of 2000. Elapsed time 51.34 sec
MF_BPR: Processed 7000 (100.0%) in 0.02 sec. MSE loss 1.96E-03. Sample per second: 410109
MF_BPR: Epoch 138 of 2000. Elapsed time 51.35 sec
MF_BPR: Processed 7000 (100.0%) in 0.02 sec. MSE loss 2.03E-03. Sample per second: 295442
MF_BPR: Epoch 139 of 2000. Elapsed time 51.35 sec
MF_BPR: Processed 7000 (100.0%) in 0.03 sec. MSE loss 2.02E-03. Sample per second: 231135
MF_BPR: Validation begins...
EvaluatorHoldout: Processed 6040 (100.0%) in 1.86 sec. Users per second: 3247
MF_BPR: CUTOFF: 5 - PRECISION: 0.0004967, PRECISION_RECALL_MIN_DEN: 0.0012417, RECALL: 0.0012417, MAP: 0.0002643, MAP_MIN_DEN: 0.0006609, MRR: 0.0013217, NDCG: 0.0009120, F1: 0.0007096, HIT_RATE: 0.0024834, ARHR_ALL_HITS: 0.0013217, NOVELTY: 0.0166789, AVERAGE_POPULARITY: 0.0638672, DIVERSITY_MEAN_INTER_LIST: 0.9885436, DIVERSITY_HERFINDAHL: 0.9976760, COVERAGE_ITEM: 0.3602884, COVERAGE_ITEM_HIT: 0.0038630, ITEMS_IN_GT: 0.5791913, COVERAGE_USER: 1.0000000, COVERAGE_USER_HIT: 0.0024834, USERS_IN_GT: 1.0000000, DIVERSITY_GINI: 0.1299831, SHANNON_ENTROPY: 9.3776474, RATIO_DIVERSITY_HERFINDAHL: 0.9984842, RATIO_DIVERSITY_GINI: 0.3701955, RATIO_SHANNON_ENTROPY: 0.8667124, RATIO_AVERAGE_POPULARITY: 0.2258425, RATIO_NOVELTY: 0.0370409, 

MF_BPR: Epoch 140 of 2000. Elapsed time 53.23 sec
MF_BPR: Processed 7000 (100.0%) in 0.90 sec. MSE loss 2.01E-03. Sample per second: 7735
MF_BPR: Epoch 141 of 2000. Elapsed time 53.23 sec
MF_BPR: Processed 7000 (100.0%) in 0.91 sec. MSE loss 1.99E-03. Sample per second: 7676
MF_BPR: Epoch 142 of 2000. Elapsed time 53.24 sec
MF_BPR: Processed 7000 (100.0%) in 0.92 sec. MSE loss 2.04E-03. Sample per second: 7620
MF_BPR: Epoch 143 of 2000. Elapsed time 53.25 sec
MF_BPR: Processed 7000 (100.0%) in 0.93 sec. MSE loss 1.94E-03. Sample per second: 7565
MF_BPR: Epoch 144 of 2000. Elapsed time 53.25 sec
MF_BPR: Processed 7000 (100.0%) in 0.93 sec. MSE loss 2.01E-03. Sample per second: 7511
MF_BPR: Validation begins...
EvaluatorHoldout: Processed 6040 (100.0%) in 1.86 sec. Users per second: 3241
MF_BPR: CUTOFF: 5 - PRECISION: 0.0004967, PRECISION_RECALL_MIN_DEN: 0.0012417, RECALL: 0.0012417, MAP: 0.0002643, MAP_MIN_DEN: 0.0006609, MRR: 0.0013217, NDCG: 0.0009120, F1: 0.0007096, HIT_RATE: 0.0024834, ARHR_ALL_HITS: 0.0013217, NOVELTY: 0.0166789, AVERAGE_POPULARITY: 0.0638672, DIVERSITY_MEAN_INTER_LIST: 0.9885436, DIVERSITY_HERFINDAHL: 0.9976760, COVERAGE_ITEM: 0.3602884, COVERAGE_ITEM_HIT: 0.0038630, ITEMS_IN_GT: 0.5791913, COVERAGE_USER: 1.0000000, COVERAGE_USER_HIT: 0.0024834, USERS_IN_GT: 1.0000000, DIVERSITY_GINI: 0.1299831, SHANNON_ENTROPY: 9.3776474, RATIO_DIVERSITY_HERFINDAHL: 0.9984842, RATIO_DIVERSITY_GINI: 0.3701955, RATIO_SHANNON_ENTROPY: 0.8667124, RATIO_AVERAGE_POPULARITY: 0.2258425, RATIO_NOVELTY: 0.0370409, 

MF_BPR: Epoch 145 of 2000. Elapsed time 55.13 sec
MF_BPR: Processed 7000 (100.0%) in 0.81 sec. MSE loss 1.97E-03. Sample per second: 8641
MF_BPR: Epoch 146 of 2000. Elapsed time 55.14 sec
MF_BPR: Processed 7000 (100.0%) in 0.82 sec. MSE loss 2.05E-03. Sample per second: 8566
MF_BPR: Epoch 147 of 2000. Elapsed time 55.15 sec
MF_BPR: Processed 7000 (100.0%) in 0.82 sec. MSE loss 2.03E-03. Sample per second: 8496
MF_BPR: Epoch 148 of 2000. Elapsed time 55.15 sec
MF_BPR: Processed 7000 (100.0%) in 0.83 sec. MSE loss 2.04E-03. Sample per second: 8427
MF_BPR: Epoch 149 of 2000. Elapsed time 55.16 sec
MF_BPR: Processed 7000 (100.0%) in 0.84 sec. MSE loss 1.92E-03. Sample per second: 8361
MF_BPR: Validation begins...
EvaluatorHoldout: Processed 6040 (100.0%) in 1.86 sec. Users per second: 3249
MF_BPR: CUTOFF: 5 - PRECISION: 0.0004967, PRECISION_RECALL_MIN_DEN: 0.0012417, RECALL: 0.0012417, MAP: 0.0002643, MAP_MIN_DEN: 0.0006609, MRR: 0.0013217, NDCG: 0.0009120, F1: 0.0007096, HIT_RATE: 0.0024834, ARHR_ALL_HITS: 0.0013217, NOVELTY: 0.0166790, AVERAGE_POPULARITY: 0.0638621, DIVERSITY_MEAN_INTER_LIST: 0.9885436, DIVERSITY_HERFINDAHL: 0.9976760, COVERAGE_ITEM: 0.3602884, COVERAGE_ITEM_HIT: 0.0038630, ITEMS_IN_GT: 0.5791913, COVERAGE_USER: 1.0000000, COVERAGE_USER_HIT: 0.0024834, USERS_IN_GT: 1.0000000, DIVERSITY_GINI: 0.1299835, SHANNON_ENTROPY: 9.3776512, RATIO_DIVERSITY_HERFINDAHL: 0.9984842, RATIO_DIVERSITY_GINI: 0.3701967, RATIO_SHANNON_ENTROPY: 0.8667128, RATIO_AVERAGE_POPULARITY: 0.2258245, RATIO_NOVELTY: 0.0370412, 

MF_BPR: Epoch 150 of 2000. Elapsed time 57.03 sec
MF_BPR: Processed 7000 (100.0%) in 0.71 sec. MSE loss 2.03E-03. Sample per second: 9850
MF_BPR: Epoch 151 of 2000. Elapsed time 57.04 sec
MF_BPR: Processed 7000 (100.0%) in 0.72 sec. MSE loss 2.02E-03. Sample per second: 9754
MF_BPR: Epoch 152 of 2000. Elapsed time 57.05 sec
MF_BPR: Processed 7000 (100.0%) in 0.72 sec. MSE loss 1.99E-03. Sample per second: 9662
MF_BPR: Epoch 153 of 2000. Elapsed time 57.05 sec
MF_BPR: Processed 7000 (100.0%) in 0.73 sec. MSE loss 1.98E-03. Sample per second: 9573
MF_BPR: Epoch 154 of 2000. Elapsed time 57.06 sec
MF_BPR: Processed 7000 (100.0%) in 0.74 sec. MSE loss 2.05E-03. Sample per second: 9487
MF_BPR: Validation begins...
EvaluatorHoldout: Processed 6040 (100.0%) in 1.86 sec. Users per second: 3245
MF_BPR: CUTOFF: 5 - PRECISION: 0.0004967, PRECISION_RECALL_MIN_DEN: 0.0012417, RECALL: 0.0012417, MAP: 0.0002643, MAP_MIN_DEN: 0.0006609, MRR: 0.0013217, NDCG: 0.0009120, F1: 0.0007096, HIT_RATE: 0.0024834, ARHR_ALL_HITS: 0.0013217, NOVELTY: 0.0166790, AVERAGE_POPULARITY: 0.0638621, DIVERSITY_MEAN_INTER_LIST: 0.9885436, DIVERSITY_HERFINDAHL: 0.9976760, COVERAGE_ITEM: 0.3602884, COVERAGE_ITEM_HIT: 0.0038630, ITEMS_IN_GT: 0.5791913, COVERAGE_USER: 1.0000000, COVERAGE_USER_HIT: 0.0024834, USERS_IN_GT: 1.0000000, DIVERSITY_GINI: 0.1299835, SHANNON_ENTROPY: 9.3776512, RATIO_DIVERSITY_HERFINDAHL: 0.9984842, RATIO_DIVERSITY_GINI: 0.3701967, RATIO_SHANNON_ENTROPY: 0.8667128, RATIO_AVERAGE_POPULARITY: 0.2258245, RATIO_NOVELTY: 0.0370412, 

MF_BPR: Epoch 155 of 2000. Elapsed time 58.93 sec
MF_BPR: Processed 7000 (100.0%) in 0.61 sec. MSE loss 2.03E-03. Sample per second: 11406
MF_BPR: Epoch 156 of 2000. Elapsed time 58.94 sec
MF_BPR: Processed 7000 (100.0%) in 0.62 sec. MSE loss 2.07E-03. Sample per second: 11277
MF_BPR: Epoch 157 of 2000. Elapsed time 58.95 sec
MF_BPR: Processed 7000 (100.0%) in 0.63 sec. MSE loss 1.98E-03. Sample per second: 11155
MF_BPR: Epoch 158 of 2000. Elapsed time 58.96 sec
MF_BPR: Processed 7000 (100.0%) in 0.63 sec. MSE loss 2.05E-03. Sample per second: 11037
MF_BPR: Epoch 159 of 2000. Elapsed time 58.96 sec
MF_BPR: Processed 7000 (100.0%) in 0.64 sec. MSE loss 2.01E-03. Sample per second: 10923
MF_BPR: Validation begins...
EvaluatorHoldout: Processed 6040 (100.0%) in 1.86 sec. Users per second: 3239
MF_BPR: CUTOFF: 5 - PRECISION: 0.0004967, PRECISION_RECALL_MIN_DEN: 0.0012417, RECALL: 0.0012417, MAP: 0.0002643, MAP_MIN_DEN: 0.0006609, MRR: 0.0013217, NDCG: 0.0009120, F1: 0.0007096, HIT_RATE: 0.0024834, ARHR_ALL_HITS: 0.0013217, NOVELTY: 0.0166790, AVERAGE_POPULARITY: 0.0638621, DIVERSITY_MEAN_INTER_LIST: 0.9885436, DIVERSITY_HERFINDAHL: 0.9976760, COVERAGE_ITEM: 0.3602884, COVERAGE_ITEM_HIT: 0.0038630, ITEMS_IN_GT: 0.5791913, COVERAGE_USER: 1.0000000, COVERAGE_USER_HIT: 0.0024834, USERS_IN_GT: 1.0000000, DIVERSITY_GINI: 0.1299835, SHANNON_ENTROPY: 9.3776512, RATIO_DIVERSITY_HERFINDAHL: 0.9984842, RATIO_DIVERSITY_GINI: 0.3701967, RATIO_SHANNON_ENTROPY: 0.8667128, RATIO_AVERAGE_POPULARITY: 0.2258245, RATIO_NOVELTY: 0.0370412, 

MF_BPR: Epoch 160 of 2000. Elapsed time 1.01 min
MF_BPR: Processed 7000 (100.0%) in 0.52 sec. MSE loss 2.00E-03. Sample per second: 13452
MF_BPR: Epoch 161 of 2000. Elapsed time 1.01 min
MF_BPR: Processed 7000 (100.0%) in 0.53 sec. MSE loss 2.09E-03. Sample per second: 13274
MF_BPR: Epoch 162 of 2000. Elapsed time 1.01 min
MF_BPR: Processed 7000 (100.0%) in 0.53 sec. MSE loss 1.99E-03. Sample per second: 13104
MF_BPR: Epoch 163 of 2000. Elapsed time 1.01 min
MF_BPR: Processed 7000 (100.0%) in 0.54 sec. MSE loss 2.02E-03. Sample per second: 12942
MF_BPR: Epoch 164 of 2000. Elapsed time 1.01 min
MF_BPR: Processed 7000 (100.0%) in 0.55 sec. MSE loss 2.00E-03. Sample per second: 12785
MF_BPR: Validation begins...
EvaluatorHoldout: Processed 6040 (100.0%) in 1.86 sec. Users per second: 3247
MF_BPR: CUTOFF: 5 - PRECISION: 0.0004967, PRECISION_RECALL_MIN_DEN: 0.0012417, RECALL: 0.0012417, MAP: 0.0002643, MAP_MIN_DEN: 0.0006609, MRR: 0.0013217, NDCG: 0.0009120, F1: 0.0007096, HIT_RATE: 0.0024834, ARHR_ALL_HITS: 0.0013217, NOVELTY: 0.0166790, AVERAGE_POPULARITY: 0.0638621, DIVERSITY_MEAN_INTER_LIST: 0.9885436, DIVERSITY_HERFINDAHL: 0.9976760, COVERAGE_ITEM: 0.3602884, COVERAGE_ITEM_HIT: 0.0038630, ITEMS_IN_GT: 0.5791913, COVERAGE_USER: 1.0000000, COVERAGE_USER_HIT: 0.0024834, USERS_IN_GT: 1.0000000, DIVERSITY_GINI: 0.1299835, SHANNON_ENTROPY: 9.3776512, RATIO_DIVERSITY_HERFINDAHL: 0.9984842, RATIO_DIVERSITY_GINI: 0.3701967, RATIO_SHANNON_ENTROPY: 0.8667128, RATIO_AVERAGE_POPULARITY: 0.2258245, RATIO_NOVELTY: 0.0370412, 

MF_BPR: Epoch 165 of 2000. Elapsed time 1.05 min
MF_BPR: Processed 7000 (100.0%) in 0.42 sec. MSE loss 1.97E-03. Sample per second: 16571
MF_BPR: Epoch 166 of 2000. Elapsed time 1.05 min
MF_BPR: Processed 7000 (100.0%) in 0.43 sec. MSE loss 2.00E-03. Sample per second: 16300
MF_BPR: Epoch 167 of 2000. Elapsed time 1.05 min
MF_BPR: Processed 7000 (100.0%) in 0.44 sec. MSE loss 2.00E-03. Sample per second: 16046
MF_BPR: Epoch 168 of 2000. Elapsed time 1.05 min
MF_BPR: Processed 7000 (100.0%) in 0.44 sec. MSE loss 2.04E-03. Sample per second: 15803
MF_BPR: Epoch 169 of 2000. Elapsed time 1.05 min
MF_BPR: Processed 7000 (100.0%) in 0.45 sec. MSE loss 1.98E-03. Sample per second: 15570
MF_BPR: Validation begins...
EvaluatorHoldout: Processed 6040 (100.0%) in 1.87 sec. Users per second: 3235
MF_BPR: CUTOFF: 5 - PRECISION: 0.0004967, PRECISION_RECALL_MIN_DEN: 0.0012417, RECALL: 0.0012417, MAP: 0.0002643, MAP_MIN_DEN: 0.0006609, MRR: 0.0013217, NDCG: 0.0009120, F1: 0.0007096, HIT_RATE: 0.0024834, ARHR_ALL_HITS: 0.0013217, NOVELTY: 0.0166790, AVERAGE_POPULARITY: 0.0638630, DIVERSITY_MEAN_INTER_LIST: 0.9885446, DIVERSITY_HERFINDAHL: 0.9976762, COVERAGE_ITEM: 0.3602884, COVERAGE_ITEM_HIT: 0.0038630, ITEMS_IN_GT: 0.5791913, COVERAGE_USER: 1.0000000, COVERAGE_USER_HIT: 0.0024834, USERS_IN_GT: 1.0000000, DIVERSITY_GINI: 0.1299849, SHANNON_ENTROPY: 9.3776875, RATIO_DIVERSITY_HERFINDAHL: 0.9984844, RATIO_DIVERSITY_GINI: 0.3702006, RATIO_SHANNON_ENTROPY: 0.8667161, RATIO_AVERAGE_POPULARITY: 0.2258277, RATIO_NOVELTY: 0.0370410, 

MF_BPR: Epoch 170 of 2000. Elapsed time 1.08 min
MF_BPR: Processed 7000 (100.0%) in 0.33 sec. MSE loss 1.99E-03. Sample per second: 21125
MF_BPR: Epoch 171 of 2000. Elapsed time 1.08 min
MF_BPR: Processed 7000 (100.0%) in 0.34 sec. MSE loss 1.97E-03. Sample per second: 20687
MF_BPR: Epoch 172 of 2000. Elapsed time 1.08 min
MF_BPR: Processed 7000 (100.0%) in 0.35 sec. MSE loss 2.08E-03. Sample per second: 20279
MF_BPR: Epoch 173 of 2000. Elapsed time 1.08 min
MF_BPR: Processed 7000 (100.0%) in 0.35 sec. MSE loss 2.02E-03. Sample per second: 19894
MF_BPR: Epoch 174 of 2000. Elapsed time 1.08 min
MF_BPR: Processed 7000 (100.0%) in 0.36 sec. MSE loss 1.96E-03. Sample per second: 19526
MF_BPR: Validation begins...
EvaluatorHoldout: Processed 6040 (100.0%) in 1.86 sec. Users per second: 3239
MF_BPR: CUTOFF: 5 - PRECISION: 0.0004967, PRECISION_RECALL_MIN_DEN: 0.0012417, RECALL: 0.0012417, MAP: 0.0002643, MAP_MIN_DEN: 0.0006609, MRR: 0.0013217, NDCG: 0.0009120, F1: 0.0007096, HIT_RATE: 0.0024834, ARHR_ALL_HITS: 0.0013217, NOVELTY: 0.0166790, AVERAGE_POPULARITY: 0.0638630, DIVERSITY_MEAN_INTER_LIST: 0.9885446, DIVERSITY_HERFINDAHL: 0.9976762, COVERAGE_ITEM: 0.3602884, COVERAGE_ITEM_HIT: 0.0038630, ITEMS_IN_GT: 0.5791913, COVERAGE_USER: 1.0000000, COVERAGE_USER_HIT: 0.0024834, USERS_IN_GT: 1.0000000, DIVERSITY_GINI: 0.1299849, SHANNON_ENTROPY: 9.3776875, RATIO_DIVERSITY_HERFINDAHL: 0.9984844, RATIO_DIVERSITY_GINI: 0.3702006, RATIO_SHANNON_ENTROPY: 0.8667161, RATIO_AVERAGE_POPULARITY: 0.2258277, RATIO_NOVELTY: 0.0370410, 

MF_BPR: Epoch 175 of 2000. Elapsed time 1.11 min
MF_BPR: Processed 7000 (100.0%) in 0.24 sec. MSE loss 2.04E-03. Sample per second: 29489
MF_BPR: Epoch 176 of 2000. Elapsed time 1.11 min
MF_BPR: Processed 7000 (100.0%) in 0.24 sec. MSE loss 2.10E-03. Sample per second: 28691
MF_BPR: Epoch 177 of 2000. Elapsed time 1.11 min
MF_BPR: Processed 7000 (100.0%) in 0.25 sec. MSE loss 2.04E-03. Sample per second: 27955
MF_BPR: Epoch 178 of 2000. Elapsed time 1.11 min
MF_BPR: Processed 7000 (100.0%) in 0.26 sec. MSE loss 2.01E-03. Sample per second: 27258
MF_BPR: Epoch 179 of 2000. Elapsed time 1.11 min
MF_BPR: Processed 7000 (100.0%) in 0.26 sec. MSE loss 2.07E-03. Sample per second: 26613
MF_BPR: Validation begins...
EvaluatorHoldout: Processed 6040 (100.0%) in 1.84 sec. Users per second: 3274
MF_BPR: CUTOFF: 5 - PRECISION: 0.0004967, PRECISION_RECALL_MIN_DEN: 0.0012417, RECALL: 0.0012417, MAP: 0.0002643, MAP_MIN_DEN: 0.0006609, MRR: 0.0013217, NDCG: 0.0009120, F1: 0.0007096, HIT_RATE: 0.0024834, ARHR_ALL_HITS: 0.0013217, NOVELTY: 0.0166790, AVERAGE_POPULARITY: 0.0638630, DIVERSITY_MEAN_INTER_LIST: 0.9885446, DIVERSITY_HERFINDAHL: 0.9976762, COVERAGE_ITEM: 0.3602884, COVERAGE_ITEM_HIT: 0.0038630, ITEMS_IN_GT: 0.5791913, COVERAGE_USER: 1.0000000, COVERAGE_USER_HIT: 0.0024834, USERS_IN_GT: 1.0000000, DIVERSITY_GINI: 0.1299849, SHANNON_ENTROPY: 9.3776875, RATIO_DIVERSITY_HERFINDAHL: 0.9984844, RATIO_DIVERSITY_GINI: 0.3702006, RATIO_SHANNON_ENTROPY: 0.8667161, RATIO_AVERAGE_POPULARITY: 0.2258277, RATIO_NOVELTY: 0.0370410, 

MF_BPR: Epoch 180 of 2000. Elapsed time 1.14 min
MF_BPR: Processed 7000 (100.0%) in 0.12 sec. MSE loss 1.95E-03. Sample per second: 57334
MF_BPR: Epoch 181 of 2000. Elapsed time 1.14 min
MF_BPR: Processed 7000 (100.0%) in 0.13 sec. MSE loss 2.03E-03. Sample per second: 54339
MF_BPR: Epoch 182 of 2000. Elapsed time 1.14 min
MF_BPR: Processed 7000 (100.0%) in 0.14 sec. MSE loss 1.99E-03. Sample per second: 51783
MF_BPR: Epoch 183 of 2000. Elapsed time 1.14 min
MF_BPR: Processed 7000 (100.0%) in 0.14 sec. MSE loss 1.92E-03. Sample per second: 49490
MF_BPR: Epoch 184 of 2000. Elapsed time 1.14 min
MF_BPR: Processed 7000 (100.0%) in 0.15 sec. MSE loss 2.01E-03. Sample per second: 47426
MF_BPR: Validation begins...
EvaluatorHoldout: Processed 6040 (100.0%) in 1.84 sec. Users per second: 3276
MF_BPR: CUTOFF: 5 - PRECISION: 0.0004967, PRECISION_RECALL_MIN_DEN: 0.0012417, RECALL: 0.0012417, MAP: 0.0002643, MAP_MIN_DEN: 0.0006609, MRR: 0.0013217, NDCG: 0.0009120, F1: 0.0007096, HIT_RATE: 0.0024834, ARHR_ALL_HITS: 0.0013217, NOVELTY: 0.0166790, AVERAGE_POPULARITY: 0.0638630, DIVERSITY_MEAN_INTER_LIST: 0.9885446, DIVERSITY_HERFINDAHL: 0.9976762, COVERAGE_ITEM: 0.3602884, COVERAGE_ITEM_HIT: 0.0038630, ITEMS_IN_GT: 0.5791913, COVERAGE_USER: 1.0000000, COVERAGE_USER_HIT: 0.0024834, USERS_IN_GT: 1.0000000, DIVERSITY_GINI: 0.1299849, SHANNON_ENTROPY: 9.3776875, RATIO_DIVERSITY_HERFINDAHL: 0.9984844, RATIO_DIVERSITY_GINI: 0.3702006, RATIO_SHANNON_ENTROPY: 0.8667161, RATIO_AVERAGE_POPULARITY: 0.2258277, RATIO_NOVELTY: 0.0370410, 

MF_BPR: Epoch 185 of 2000. Elapsed time 1.17 min
MF_BPR: Processed 7000 (100.0%) in 1.01 sec. MSE loss 2.04E-03. Sample per second: 6965
MF_BPR: Epoch 186 of 2000. Elapsed time 1.17 min
MF_BPR: Processed 7000 (100.0%) in 0.01 sec. MSE loss 2.01E-03. Sample per second: 591425
MF_BPR: Epoch 187 of 2000. Elapsed time 1.17 min
MF_BPR: Processed 7000 (100.0%) in 0.02 sec. MSE loss 2.09E-03. Sample per second: 377924
MF_BPR: Epoch 188 of 2000. Elapsed time 1.17 min
MF_BPR: Processed 7000 (100.0%) in 0.03 sec. MSE loss 2.01E-03. Sample per second: 278691
MF_BPR: Epoch 189 of 2000. Elapsed time 1.17 min
MF_BPR: Processed 7000 (100.0%) in 0.03 sec. MSE loss 2.01E-03. Sample per second: 221357
MF_BPR: Validation begins...
EvaluatorHoldout: Processed 6040 (100.0%) in 1.85 sec. Users per second: 3257
MF_BPR: CUTOFF: 5 - PRECISION: 0.0004967, PRECISION_RECALL_MIN_DEN: 0.0012417, RECALL: 0.0012417, MAP: 0.0002643, MAP_MIN_DEN: 0.0006609, MRR: 0.0013217, NDCG: 0.0009120, F1: 0.0007096, HIT_RATE: 0.0024834, ARHR_ALL_HITS: 0.0013217, NOVELTY: 0.0166790, AVERAGE_POPULARITY: 0.0638621, DIVERSITY_MEAN_INTER_LIST: 0.9885436, DIVERSITY_HERFINDAHL: 0.9976760, COVERAGE_ITEM: 0.3602884, COVERAGE_ITEM_HIT: 0.0038630, ITEMS_IN_GT: 0.5791913, COVERAGE_USER: 1.0000000, COVERAGE_USER_HIT: 0.0024834, USERS_IN_GT: 1.0000000, DIVERSITY_GINI: 0.1299835, SHANNON_ENTROPY: 9.3776512, RATIO_DIVERSITY_HERFINDAHL: 0.9984842, RATIO_DIVERSITY_GINI: 0.3701967, RATIO_SHANNON_ENTROPY: 0.8667128, RATIO_AVERAGE_POPULARITY: 0.2258245, RATIO_NOVELTY: 0.0370412, 

MF_BPR: Epoch 190 of 2000. Elapsed time 1.20 min
MF_BPR: Processed 7000 (100.0%) in 0.90 sec. MSE loss 1.97E-03. Sample per second: 7774
MF_BPR: Epoch 191 of 2000. Elapsed time 1.20 min
MF_BPR: Processed 7000 (100.0%) in 0.91 sec. MSE loss 2.02E-03. Sample per second: 7713
MF_BPR: Epoch 192 of 2000. Elapsed time 1.20 min
MF_BPR: Processed 7000 (100.0%) in 0.91 sec. MSE loss 2.03E-03. Sample per second: 7657
MF_BPR: Epoch 193 of 2000. Elapsed time 1.20 min
MF_BPR: Processed 7000 (100.0%) in 0.92 sec. MSE loss 1.97E-03. Sample per second: 7601
MF_BPR: Epoch 194 of 2000. Elapsed time 1.20 min
MF_BPR: Processed 7000 (100.0%) in 0.93 sec. MSE loss 2.02E-03. Sample per second: 7547
MF_BPR: Validation begins...
EvaluatorHoldout: Processed 6040 (100.0%) in 1.85 sec. Users per second: 3262
MF_BPR: CUTOFF: 5 - PRECISION: 0.0004967, PRECISION_RECALL_MIN_DEN: 0.0012417, RECALL: 0.0012417, MAP: 0.0002643, MAP_MIN_DEN: 0.0006609, MRR: 0.0013217, NDCG: 0.0009120, F1: 0.0007096, HIT_RATE: 0.0024834, ARHR_ALL_HITS: 0.0013217, NOVELTY: 0.0166790, AVERAGE_POPULARITY: 0.0638621, DIVERSITY_MEAN_INTER_LIST: 0.9885436, DIVERSITY_HERFINDAHL: 0.9976760, COVERAGE_ITEM: 0.3602884, COVERAGE_ITEM_HIT: 0.0038630, ITEMS_IN_GT: 0.5791913, COVERAGE_USER: 1.0000000, COVERAGE_USER_HIT: 0.0024834, USERS_IN_GT: 1.0000000, DIVERSITY_GINI: 0.1299835, SHANNON_ENTROPY: 9.3776512, RATIO_DIVERSITY_HERFINDAHL: 0.9984842, RATIO_DIVERSITY_GINI: 0.3701967, RATIO_SHANNON_ENTROPY: 0.8667128, RATIO_AVERAGE_POPULARITY: 0.2258245, RATIO_NOVELTY: 0.0370412, 

MF_BPR: Epoch 195 of 2000. Elapsed time 1.24 min
MF_BPR: Processed 7000 (100.0%) in 0.79 sec. MSE loss 2.01E-03. Sample per second: 8822
MF_BPR: Epoch 196 of 2000. Elapsed time 1.24 min
MF_BPR: Processed 7000 (100.0%) in 0.80 sec. MSE loss 1.96E-03. Sample per second: 8745
MF_BPR: Epoch 197 of 2000. Elapsed time 1.24 min
MF_BPR: Processed 7000 (100.0%) in 0.81 sec. MSE loss 1.96E-03. Sample per second: 8672
MF_BPR: Epoch 198 of 2000. Elapsed time 1.24 min
MF_BPR: Processed 7000 (100.0%) in 0.81 sec. MSE loss 2.00E-03. Sample per second: 8601
MF_BPR: Epoch 199 of 2000. Elapsed time 1.24 min
MF_BPR: Processed 7000 (100.0%) in 0.82 sec. MSE loss 2.03E-03. Sample per second: 8533
MF_BPR: Validation begins...
EvaluatorHoldout: Processed 6040 (100.0%) in 1.84 sec. Users per second: 3277
MF_BPR: CUTOFF: 5 - PRECISION: 0.0004967, PRECISION_RECALL_MIN_DEN: 0.0012417, RECALL: 0.0012417, MAP: 0.0002643, MAP_MIN_DEN: 0.0006609, MRR: 0.0013217, NDCG: 0.0009120, F1: 0.0007096, HIT_RATE: 0.0024834, ARHR_ALL_HITS: 0.0013217, NOVELTY: 0.0166790, AVERAGE_POPULARITY: 0.0638621, DIVERSITY_MEAN_INTER_LIST: 0.9885436, DIVERSITY_HERFINDAHL: 0.9976760, COVERAGE_ITEM: 0.3602884, COVERAGE_ITEM_HIT: 0.0038630, ITEMS_IN_GT: 0.5791913, COVERAGE_USER: 1.0000000, COVERAGE_USER_HIT: 0.0024834, USERS_IN_GT: 1.0000000, DIVERSITY_GINI: 0.1299835, SHANNON_ENTROPY: 9.3776512, RATIO_DIVERSITY_HERFINDAHL: 0.9984842, RATIO_DIVERSITY_GINI: 0.3701967, RATIO_SHANNON_ENTROPY: 0.8667128, RATIO_AVERAGE_POPULARITY: 0.2258245, RATIO_NOVELTY: 0.0370412, 

MF_BPR: Epoch 200 of 2000. Elapsed time 1.27 min
MF_BPR: Processed 7000 (100.0%) in 0.68 sec. MSE loss 1.97E-03. Sample per second: 10327
MF_BPR: Epoch 201 of 2000. Elapsed time 1.27 min
MF_BPR: Processed 7000 (100.0%) in 0.68 sec. MSE loss 2.00E-03. Sample per second: 10223
MF_BPR: Epoch 202 of 2000. Elapsed time 1.27 min
MF_BPR: Processed 7000 (100.0%) in 0.69 sec. MSE loss 1.98E-03. Sample per second: 10123
MF_BPR: Epoch 203 of 2000. Elapsed time 1.27 min
MF_BPR: Processed 7000 (100.0%) in 0.70 sec. MSE loss 2.03E-03. Sample per second: 10028
MF_BPR: Epoch 204 of 2000. Elapsed time 1.27 min
MF_BPR: Processed 7000 (100.0%) in 0.70 sec. MSE loss 1.99E-03. Sample per second: 9934
MF_BPR: Validation begins...
EvaluatorHoldout: Processed 6040 (100.0%) in 1.85 sec. Users per second: 3260
MF_BPR: CUTOFF: 5 - PRECISION: 0.0004967, PRECISION_RECALL_MIN_DEN: 0.0012417, RECALL: 0.0012417, MAP: 0.0002643, MAP_MIN_DEN: 0.0006609, MRR: 0.0013217, NDCG: 0.0009120, F1: 0.0007096, HIT_RATE: 0.0024834, ARHR_ALL_HITS: 0.0013217, NOVELTY: 0.0166790, AVERAGE_POPULARITY: 0.0638621, DIVERSITY_MEAN_INTER_LIST: 0.9885436, DIVERSITY_HERFINDAHL: 0.9976760, COVERAGE_ITEM: 0.3602884, COVERAGE_ITEM_HIT: 0.0038630, ITEMS_IN_GT: 0.5791913, COVERAGE_USER: 1.0000000, COVERAGE_USER_HIT: 0.0024834, USERS_IN_GT: 1.0000000, DIVERSITY_GINI: 0.1299835, SHANNON_ENTROPY: 9.3776512, RATIO_DIVERSITY_HERFINDAHL: 0.9984842, RATIO_DIVERSITY_GINI: 0.3701967, RATIO_SHANNON_ENTROPY: 0.8667128, RATIO_AVERAGE_POPULARITY: 0.2258245, RATIO_NOVELTY: 0.0370412, 

MF_BPR: Epoch 205 of 2000. Elapsed time 1.30 min
MF_BPR: Processed 7000 (100.0%) in 0.57 sec. MSE loss 2.01E-03. Sample per second: 12237
MF_BPR: Epoch 206 of 2000. Elapsed time 1.30 min
MF_BPR: Processed 7000 (100.0%) in 0.58 sec. MSE loss 1.97E-03. Sample per second: 12090
MF_BPR: Epoch 207 of 2000. Elapsed time 1.30 min
MF_BPR: Processed 7000 (100.0%) in 0.59 sec. MSE loss 2.03E-03. Sample per second: 11953
MF_BPR: Epoch 208 of 2000. Elapsed time 1.30 min
MF_BPR: Processed 7000 (100.0%) in 0.59 sec. MSE loss 2.03E-03. Sample per second: 11818
MF_BPR: Epoch 209 of 2000. Elapsed time 1.30 min
MF_BPR: Processed 7000 (100.0%) in 0.60 sec. MSE loss 1.96E-03. Sample per second: 11688
MF_BPR: Validation begins...
EvaluatorHoldout: Processed 6040 (100.0%) in 1.85 sec. Users per second: 3257
MF_BPR: CUTOFF: 5 - PRECISION: 0.0004967, PRECISION_RECALL_MIN_DEN: 0.0012417, RECALL: 0.0012417, MAP: 0.0002643, MAP_MIN_DEN: 0.0006609, MRR: 0.0013217, NDCG: 0.0009120, F1: 0.0007096, HIT_RATE: 0.0024834, ARHR_ALL_HITS: 0.0013217, NOVELTY: 0.0166790, AVERAGE_POPULARITY: 0.0638621, DIVERSITY_MEAN_INTER_LIST: 0.9885436, DIVERSITY_HERFINDAHL: 0.9976760, COVERAGE_ITEM: 0.3602884, COVERAGE_ITEM_HIT: 0.0038630, ITEMS_IN_GT: 0.5791913, COVERAGE_USER: 1.0000000, COVERAGE_USER_HIT: 0.0024834, USERS_IN_GT: 1.0000000, DIVERSITY_GINI: 0.1299835, SHANNON_ENTROPY: 9.3776512, RATIO_DIVERSITY_HERFINDAHL: 0.9984842, RATIO_DIVERSITY_GINI: 0.3701967, RATIO_SHANNON_ENTROPY: 0.8667128, RATIO_AVERAGE_POPULARITY: 0.2258245, RATIO_NOVELTY: 0.0370412, 

MF_BPR: Epoch 210 of 2000. Elapsed time 1.33 min
MF_BPR: Processed 7000 (100.0%) in 0.47 sec. MSE loss 2.01E-03. Sample per second: 14983
MF_BPR: Epoch 211 of 2000. Elapsed time 1.33 min
MF_BPR: Processed 7000 (100.0%) in 0.47 sec. MSE loss 1.97E-03. Sample per second: 14775
MF_BPR: Epoch 212 of 2000. Elapsed time 1.33 min
MF_BPR: Processed 7000 (100.0%) in 0.48 sec. MSE loss 1.98E-03. Sample per second: 14582
MF_BPR: Epoch 213 of 2000. Elapsed time 1.33 min
MF_BPR: Processed 7000 (100.0%) in 0.49 sec. MSE loss 1.99E-03. Sample per second: 14399
MF_BPR: Epoch 214 of 2000. Elapsed time 1.33 min
MF_BPR: Processed 7000 (100.0%) in 0.49 sec. MSE loss 2.01E-03. Sample per second: 14222
MF_BPR: Validation begins...
EvaluatorHoldout: Processed 6040 (100.0%) in 1.84 sec. Users per second: 3283
MF_BPR: CUTOFF: 5 - PRECISION: 0.0004967, PRECISION_RECALL_MIN_DEN: 0.0012417, RECALL: 0.0012417, MAP: 0.0002643, MAP_MIN_DEN: 0.0006609, MRR: 0.0013217, NDCG: 0.0009120, F1: 0.0007096, HIT_RATE: 0.0024834, ARHR_ALL_HITS: 0.0013217, NOVELTY: 0.0166790, AVERAGE_POPULARITY: 0.0638621, DIVERSITY_MEAN_INTER_LIST: 0.9885436, DIVERSITY_HERFINDAHL: 0.9976760, COVERAGE_ITEM: 0.3602884, COVERAGE_ITEM_HIT: 0.0038630, ITEMS_IN_GT: 0.5791913, COVERAGE_USER: 1.0000000, COVERAGE_USER_HIT: 0.0024834, USERS_IN_GT: 1.0000000, DIVERSITY_GINI: 0.1299835, SHANNON_ENTROPY: 9.3776512, RATIO_DIVERSITY_HERFINDAHL: 0.9984842, RATIO_DIVERSITY_GINI: 0.3701967, RATIO_SHANNON_ENTROPY: 0.8667128, RATIO_AVERAGE_POPULARITY: 0.2258245, RATIO_NOVELTY: 0.0370412, 

MF_BPR: Epoch 215 of 2000. Elapsed time 1.36 min
MF_BPR: Processed 7000 (100.0%) in 0.35 sec. MSE loss 1.99E-03. Sample per second: 20192
MF_BPR: Epoch 216 of 2000. Elapsed time 1.36 min
MF_BPR: Processed 7000 (100.0%) in 0.35 sec. MSE loss 2.03E-03. Sample per second: 19792
MF_BPR: Epoch 217 of 2000. Elapsed time 1.36 min
MF_BPR: Processed 7000 (100.0%) in 0.36 sec. MSE loss 2.07E-03. Sample per second: 19420
MF_BPR: Epoch 218 of 2000. Elapsed time 1.36 min
MF_BPR: Processed 7000 (100.0%) in 0.37 sec. MSE loss 2.03E-03. Sample per second: 19068
MF_BPR: Epoch 219 of 2000. Elapsed time 1.36 min
MF_BPR: Processed 7000 (100.0%) in 0.37 sec. MSE loss 1.98E-03. Sample per second: 18730
MF_BPR: Validation begins...
EvaluatorHoldout: Processed 6040 (100.0%) in 1.85 sec. Users per second: 3266
MF_BPR: CUTOFF: 5 - PRECISION: 0.0004967, PRECISION_RECALL_MIN_DEN: 0.0012417, RECALL: 0.0012417, MAP: 0.0002643, MAP_MIN_DEN: 0.0006609, MRR: 0.0013217, NDCG: 0.0009120, F1: 0.0007096, HIT_RATE: 0.0024834, ARHR_ALL_HITS: 0.0013217, NOVELTY: 0.0166790, AVERAGE_POPULARITY: 0.0638621, DIVERSITY_MEAN_INTER_LIST: 0.9885436, DIVERSITY_HERFINDAHL: 0.9976760, COVERAGE_ITEM: 0.3602884, COVERAGE_ITEM_HIT: 0.0038630, ITEMS_IN_GT: 0.5791913, COVERAGE_USER: 1.0000000, COVERAGE_USER_HIT: 0.0024834, USERS_IN_GT: 1.0000000, DIVERSITY_GINI: 0.1299835, SHANNON_ENTROPY: 9.3776512, RATIO_DIVERSITY_HERFINDAHL: 0.9984842, RATIO_DIVERSITY_GINI: 0.3701967, RATIO_SHANNON_ENTROPY: 0.8667128, RATIO_AVERAGE_POPULARITY: 0.2258245, RATIO_NOVELTY: 0.0370412, 

MF_BPR: Epoch 220 of 2000. Elapsed time 1.39 min
MF_BPR: Processed 7000 (100.0%) in 0.24 sec. MSE loss 2.04E-03. Sample per second: 29470
MF_BPR: Epoch 221 of 2000. Elapsed time 1.39 min
MF_BPR: Processed 7000 (100.0%) in 0.24 sec. MSE loss 2.05E-03. Sample per second: 28635
MF_BPR: Epoch 222 of 2000. Elapsed time 1.39 min
MF_BPR: Processed 7000 (100.0%) in 0.25 sec. MSE loss 2.01E-03. Sample per second: 27866
MF_BPR: Epoch 223 of 2000. Elapsed time 1.39 min
MF_BPR: Processed 7000 (100.0%) in 0.26 sec. MSE loss 2.04E-03. Sample per second: 27147
MF_BPR: Epoch 224 of 2000. Elapsed time 1.39 min
MF_BPR: Processed 7000 (100.0%) in 0.26 sec. MSE loss 2.00E-03. Sample per second: 26461
MF_BPR: Validation begins...
EvaluatorHoldout: Processed 6040 (100.0%) in 1.85 sec. Users per second: 3269
MF_BPR: CUTOFF: 5 - PRECISION: 0.0004967, PRECISION_RECALL_MIN_DEN: 0.0012417, RECALL: 0.0012417, MAP: 0.0002643, MAP_MIN_DEN: 0.0006609, MRR: 0.0013217, NDCG: 0.0009120, F1: 0.0007096, HIT_RATE: 0.0024834, ARHR_ALL_HITS: 0.0013217, NOVELTY: 0.0166790, AVERAGE_POPULARITY: 0.0638621, DIVERSITY_MEAN_INTER_LIST: 0.9885436, DIVERSITY_HERFINDAHL: 0.9976760, COVERAGE_ITEM: 0.3602884, COVERAGE_ITEM_HIT: 0.0038630, ITEMS_IN_GT: 0.5791913, COVERAGE_USER: 1.0000000, COVERAGE_USER_HIT: 0.0024834, USERS_IN_GT: 1.0000000, DIVERSITY_GINI: 0.1299835, SHANNON_ENTROPY: 9.3776512, RATIO_DIVERSITY_HERFINDAHL: 0.9984842, RATIO_DIVERSITY_GINI: 0.3701967, RATIO_SHANNON_ENTROPY: 0.8667128, RATIO_AVERAGE_POPULARITY: 0.2258245, RATIO_NOVELTY: 0.0370412, 

MF_BPR: Epoch 225 of 2000. Elapsed time 1.42 min
MF_BPR: Processed 7000 (100.0%) in 0.13 sec. MSE loss 2.08E-03. Sample per second: 55164
MF_BPR: Epoch 226 of 2000. Elapsed time 1.42 min
MF_BPR: Processed 7000 (100.0%) in 0.13 sec. MSE loss 2.00E-03. Sample per second: 52278
MF_BPR: Epoch 227 of 2000. Elapsed time 1.42 min
MF_BPR: Processed 7000 (100.0%) in 0.14 sec. MSE loss 2.05E-03. Sample per second: 49753
MF_BPR: Epoch 228 of 2000. Elapsed time 1.42 min
MF_BPR: Processed 7000 (100.0%) in 0.15 sec. MSE loss 1.98E-03. Sample per second: 47518
MF_BPR: Epoch 229 of 2000. Elapsed time 1.42 min
MF_BPR: Processed 7000 (100.0%) in 0.15 sec. MSE loss 2.01E-03. Sample per second: 45495
MF_BPR: Validation begins...
EvaluatorHoldout: Processed 6040 (100.0%) in 1.85 sec. Users per second: 3261
MF_BPR: CUTOFF: 5 - PRECISION: 0.0004967, PRECISION_RECALL_MIN_DEN: 0.0012417, RECALL: 0.0012417, MAP: 0.0002643, MAP_MIN_DEN: 0.0006609, MRR: 0.0013217, NDCG: 0.0009120, F1: 0.0007096, HIT_RATE: 0.0024834, ARHR_ALL_HITS: 0.0013217, NOVELTY: 0.0166789, AVERAGE_POPULARITY: 0.0638654, DIVERSITY_MEAN_INTER_LIST: 0.9885438, DIVERSITY_HERFINDAHL: 0.9976760, COVERAGE_ITEM: 0.3602884, COVERAGE_ITEM_HIT: 0.0038630, ITEMS_IN_GT: 0.5791913, COVERAGE_USER: 1.0000000, COVERAGE_USER_HIT: 0.0024834, USERS_IN_GT: 1.0000000, DIVERSITY_GINI: 0.1299875, SHANNON_ENTROPY: 9.3776875, RATIO_DIVERSITY_HERFINDAHL: 0.9984843, RATIO_DIVERSITY_GINI: 0.3702081, RATIO_SHANNON_ENTROPY: 0.8667161, RATIO_AVERAGE_POPULARITY: 0.2258361, RATIO_NOVELTY: 0.0370409, 

MF_BPR: Epoch 230 of 2000. Elapsed time 1.46 min
MF_BPR: Processed 7000 (100.0%) in 0.02 sec. MSE loss 2.00E-03. Sample per second: 340561
MF_BPR: Epoch 231 of 2000. Elapsed time 1.46 min
MF_BPR: Processed 7000 (100.0%) in 0.03 sec. MSE loss 2.03E-03. Sample per second: 254535
MF_BPR: Epoch 232 of 2000. Elapsed time 1.46 min
MF_BPR: Processed 7000 (100.0%) in 0.03 sec. MSE loss 2.02E-03. Sample per second: 204856
MF_BPR: Epoch 233 of 2000. Elapsed time 1.46 min
MF_BPR: Processed 7000 (100.0%) in 0.04 sec. MSE loss 2.00E-03. Sample per second: 171547
MF_BPR: Epoch 234 of 2000. Elapsed time 1.46 min
MF_BPR: Processed 7000 (100.0%) in 0.05 sec. MSE loss 1.95E-03. Sample per second: 147741
MF_BPR: Validation begins...
EvaluatorHoldout: Processed 6040 (100.0%) in 1.85 sec. Users per second: 3263
MF_BPR: CUTOFF: 5 - PRECISION: 0.0004967, PRECISION_RECALL_MIN_DEN: 0.0012417, RECALL: 0.0012417, MAP: 0.0002643, MAP_MIN_DEN: 0.0006609, MRR: 0.0013217, NDCG: 0.0009120, F1: 0.0007096, HIT_RATE: 0.0024834, ARHR_ALL_HITS: 0.0013217, NOVELTY: 0.0166789, AVERAGE_POPULARITY: 0.0638654, DIVERSITY_MEAN_INTER_LIST: 0.9885438, DIVERSITY_HERFINDAHL: 0.9976760, COVERAGE_ITEM: 0.3602884, COVERAGE_ITEM_HIT: 0.0038630, ITEMS_IN_GT: 0.5791913, COVERAGE_USER: 1.0000000, COVERAGE_USER_HIT: 0.0024834, USERS_IN_GT: 1.0000000, DIVERSITY_GINI: 0.1299875, SHANNON_ENTROPY: 9.3776875, RATIO_DIVERSITY_HERFINDAHL: 0.9984843, RATIO_DIVERSITY_GINI: 0.3702081, RATIO_SHANNON_ENTROPY: 0.8667161, RATIO_AVERAGE_POPULARITY: 0.2258361, RATIO_NOVELTY: 0.0370409, 

MF_BPR: Epoch 235 of 2000. Elapsed time 1.49 min
MF_BPR: Processed 7000 (100.0%) in 0.91 sec. MSE loss 2.07E-03. Sample per second: 7673
MF_BPR: Epoch 236 of 2000. Elapsed time 1.49 min
MF_BPR: Processed 7000 (100.0%) in 0.92 sec. MSE loss 2.01E-03. Sample per second: 7618
MF_BPR: Epoch 237 of 2000. Elapsed time 1.49 min
MF_BPR: Processed 7000 (100.0%) in 0.93 sec. MSE loss 2.06E-03. Sample per second: 7564
MF_BPR: Epoch 238 of 2000. Elapsed time 1.49 min
MF_BPR: Processed 7000 (100.0%) in 0.93 sec. MSE loss 2.01E-03. Sample per second: 7511
MF_BPR: Epoch 239 of 2000. Elapsed time 1.49 min
MF_BPR: Processed 7000 (100.0%) in 0.94 sec. MSE loss 2.05E-03. Sample per second: 7460
MF_BPR: Validation begins...
EvaluatorHoldout: Processed 6040 (100.0%) in 1.85 sec. Users per second: 3265
MF_BPR: CUTOFF: 5 - PRECISION: 0.0004967, PRECISION_RECALL_MIN_DEN: 0.0012417, RECALL: 0.0012417, MAP: 0.0002643, MAP_MIN_DEN: 0.0006609, MRR: 0.0013217, NDCG: 0.0009120, F1: 0.0007096, HIT_RATE: 0.0024834, ARHR_ALL_HITS: 0.0013217, NOVELTY: 0.0166790, AVERAGE_POPULARITY: 0.0638621, DIVERSITY_MEAN_INTER_LIST: 0.9885436, DIVERSITY_HERFINDAHL: 0.9976760, COVERAGE_ITEM: 0.3602884, COVERAGE_ITEM_HIT: 0.0038630, ITEMS_IN_GT: 0.5791913, COVERAGE_USER: 1.0000000, COVERAGE_USER_HIT: 0.0024834, USERS_IN_GT: 1.0000000, DIVERSITY_GINI: 0.1299835, SHANNON_ENTROPY: 9.3776512, RATIO_DIVERSITY_HERFINDAHL: 0.9984842, RATIO_DIVERSITY_GINI: 0.3701967, RATIO_SHANNON_ENTROPY: 0.8667128, RATIO_AVERAGE_POPULARITY: 0.2258245, RATIO_NOVELTY: 0.0370412, 

MF_BPR: Epoch 240 of 2000. Elapsed time 1.52 min
MF_BPR: Processed 7000 (100.0%) in 0.80 sec. MSE loss 1.97E-03. Sample per second: 8698
MF_BPR: Epoch 241 of 2000. Elapsed time 1.52 min
MF_BPR: Processed 7000 (100.0%) in 0.81 sec. MSE loss 2.01E-03. Sample per second: 8624
MF_BPR: Epoch 242 of 2000. Elapsed time 1.52 min
MF_BPR: Processed 7000 (100.0%) in 0.82 sec. MSE loss 2.01E-03. Sample per second: 8553
MF_BPR: Epoch 243 of 2000. Elapsed time 1.52 min
MF_BPR: Processed 7000 (100.0%) in 0.82 sec. MSE loss 2.04E-03. Sample per second: 8485
MF_BPR: Epoch 244 of 2000. Elapsed time 1.52 min
MF_BPR: Processed 7000 (100.0%) in 0.83 sec. MSE loss 2.01E-03. Sample per second: 8418
MF_BPR: Validation begins...
EvaluatorHoldout: Processed 6040 (100.0%) in 1.85 sec. Users per second: 3262
MF_BPR: CUTOFF: 5 - PRECISION: 0.0004967, PRECISION_RECALL_MIN_DEN: 0.0012417, RECALL: 0.0012417, MAP: 0.0002643, MAP_MIN_DEN: 0.0006609, MRR: 0.0013217, NDCG: 0.0009120, F1: 0.0007096, HIT_RATE: 0.0024834, ARHR_ALL_HITS: 0.0013217, NOVELTY: 0.0166790, AVERAGE_POPULARITY: 0.0638621, DIVERSITY_MEAN_INTER_LIST: 0.9885436, DIVERSITY_HERFINDAHL: 0.9976760, COVERAGE_ITEM: 0.3602884, COVERAGE_ITEM_HIT: 0.0038630, ITEMS_IN_GT: 0.5791913, COVERAGE_USER: 1.0000000, COVERAGE_USER_HIT: 0.0024834, USERS_IN_GT: 1.0000000, DIVERSITY_GINI: 0.1299835, SHANNON_ENTROPY: 9.3776512, RATIO_DIVERSITY_HERFINDAHL: 0.9984842, RATIO_DIVERSITY_GINI: 0.3701967, RATIO_SHANNON_ENTROPY: 0.8667128, RATIO_AVERAGE_POPULARITY: 0.2258245, RATIO_NOVELTY: 0.0370412, 

MF_BPR: Epoch 245 of 2000. Elapsed time 1.55 min
MF_BPR: Processed 7000 (100.0%) in 0.70 sec. MSE loss 1.98E-03. Sample per second: 10031
MF_BPR: Epoch 246 of 2000. Elapsed time 1.55 min
MF_BPR: Processed 7000 (100.0%) in 0.70 sec. MSE loss 2.04E-03. Sample per second: 9934
MF_BPR: Epoch 247 of 2000. Elapsed time 1.55 min
MF_BPR: Processed 7000 (100.0%) in 0.71 sec. MSE loss 2.06E-03. Sample per second: 9842
MF_BPR: Epoch 248 of 2000. Elapsed time 1.55 min
MF_BPR: Processed 7000 (100.0%) in 0.72 sec. MSE loss 1.96E-03. Sample per second: 9753
MF_BPR: Epoch 249 of 2000. Elapsed time 1.55 min
MF_BPR: Processed 7000 (100.0%) in 0.72 sec. MSE loss 2.02E-03. Sample per second: 9667
MF_BPR: Validation begins...
EvaluatorHoldout: Processed 6040 (100.0%) in 1.84 sec. Users per second: 3284
MF_BPR: CUTOFF: 5 - PRECISION: 0.0004967, PRECISION_RECALL_MIN_DEN: 0.0012417, RECALL: 0.0012417, MAP: 0.0002643, MAP_MIN_DEN: 0.0006609, MRR: 0.0013217, NDCG: 0.0009120, F1: 0.0007096, HIT_RATE: 0.0024834, ARHR_ALL_HITS: 0.0013217, NOVELTY: 0.0166789, AVERAGE_POPULARITY: 0.0638654, DIVERSITY_MEAN_INTER_LIST: 0.9885438, DIVERSITY_HERFINDAHL: 0.9976760, COVERAGE_ITEM: 0.3602884, COVERAGE_ITEM_HIT: 0.0038630, ITEMS_IN_GT: 0.5791913, COVERAGE_USER: 1.0000000, COVERAGE_USER_HIT: 0.0024834, USERS_IN_GT: 1.0000000, DIVERSITY_GINI: 0.1299875, SHANNON_ENTROPY: 9.3776875, RATIO_DIVERSITY_HERFINDAHL: 0.9984843, RATIO_DIVERSITY_GINI: 0.3702081, RATIO_SHANNON_ENTROPY: 0.8667161, RATIO_AVERAGE_POPULARITY: 0.2258361, RATIO_NOVELTY: 0.0370409, 

MF_BPR: Epoch 250 of 2000. Elapsed time 1.58 min
MF_BPR: Processed 7000 (100.0%) in 0.58 sec. MSE loss 2.03E-03. Sample per second: 12118
MF_BPR: Epoch 251 of 2000. Elapsed time 1.58 min
MF_BPR: Processed 7000 (100.0%) in 0.58 sec. MSE loss 2.03E-03. Sample per second: 11978
MF_BPR: Epoch 252 of 2000. Elapsed time 1.58 min
MF_BPR: Processed 7000 (100.0%) in 0.59 sec. MSE loss 2.06E-03. Sample per second: 11846
MF_BPR: Epoch 253 of 2000. Elapsed time 1.58 min
MF_BPR: Processed 7000 (100.0%) in 0.60 sec. MSE loss 1.95E-03. Sample per second: 11719
MF_BPR: Epoch 254 of 2000. Elapsed time 1.58 min
MF_BPR: Processed 7000 (100.0%) in 0.60 sec. MSE loss 2.00E-03. Sample per second: 11594
MF_BPR: Validation begins...
EvaluatorHoldout: Processed 6040 (100.0%) in 1.85 sec. Users per second: 3263
MF_BPR: CUTOFF: 5 - PRECISION: 0.0004967, PRECISION_RECALL_MIN_DEN: 0.0012417, RECALL: 0.0012417, MAP: 0.0002643, MAP_MIN_DEN: 0.0006609, MRR: 0.0013217, NDCG: 0.0009120, F1: 0.0007096, HIT_RATE: 0.0024834, ARHR_ALL_HITS: 0.0013217, NOVELTY: 0.0166789, AVERAGE_POPULARITY: 0.0638654, DIVERSITY_MEAN_INTER_LIST: 0.9885438, DIVERSITY_HERFINDAHL: 0.9976760, COVERAGE_ITEM: 0.3602884, COVERAGE_ITEM_HIT: 0.0038630, ITEMS_IN_GT: 0.5791913, COVERAGE_USER: 1.0000000, COVERAGE_USER_HIT: 0.0024834, USERS_IN_GT: 1.0000000, DIVERSITY_GINI: 0.1299875, SHANNON_ENTROPY: 9.3776875, RATIO_DIVERSITY_HERFINDAHL: 0.9984843, RATIO_DIVERSITY_GINI: 0.3702081, RATIO_SHANNON_ENTROPY: 0.8667161, RATIO_AVERAGE_POPULARITY: 0.2258361, RATIO_NOVELTY: 0.0370409, 

MF_BPR: Convergence reached! Terminating at epoch 255. Best value for 'NDCG' at epoch 5 is 0.0009. Elapsed time 1.61 min
MF_BPR: Epoch 255 of 2000. Elapsed time 1.61 min
EvaluatorHoldout: Processed 6040 (100.0%) in 1.84 sec. Users per second: 3281
EvaluatorNegativeItemSample: Processed 6040 (100.0%) in 2.21 sec. Users per second: 2727
MatrixFactorization_BPR_Cython_Recommender: Saving model in file './result_experiments/__temp_model/MatrixFactorization_BPR_Cython_Recommender/temp_model'
MatrixFactorization_BPR_Cython_Recommender: Saving complete
MatrixFactorization_BPR_Cython_Recommender: URM Detected 183 ( 4.7%) items with no interactions.
MatrixFactorization_BPR_Cython_Recommender: Loading model from file './result_experiments/__temp_model/MatrixFactorization_BPR_Cython_Recommender/temp_model'
MatrixFactorization_BPR_Cython_Recommender: Loading complete
EvaluatorHoldout: Processed 6040 (100.0%) in 1.84 sec. Users per second: 3285
CUTOFF: 5 - PRECISION: 0.0004967, PRECISION_RECALL_MIN_DEN: 0.0012417, RECALL: 0.0012417, MAP: 0.0002643, MAP_MIN_DEN: 0.0006609, MRR: 0.0013217, NDCG: 0.0009120, F1: 0.0007096, HIT_RATE: 0.0024834, ARHR_ALL_HITS: 0.0013217, NOVELTY: 0.0166789, AVERAGE_POPULARITY: 0.0638672, DIVERSITY_MEAN_INTER_LIST: 0.9885436, DIVERSITY_HERFINDAHL: 0.9976760, COVERAGE_ITEM: 0.3602884, COVERAGE_ITEM_HIT: 0.0038630, ITEMS_IN_GT: 0.5791913, COVERAGE_USER: 1.0000000, COVERAGE_USER_HIT: 0.0024834, USERS_IN_GT: 1.0000000, DIVERSITY_GINI: 0.1299831, SHANNON_ENTROPY: 9.3776474, RATIO_DIVERSITY_HERFINDAHL: 0.9984842, RATIO_DIVERSITY_GINI: 0.3701955, RATIO_SHANNON_ENTROPY: 0.8667124, RATIO_AVERAGE_POPULARITY: 0.2258425, RATIO_NOVELTY: 0.0370409, 

CUTOFF: 5 - PRECISION: 0.0004967, PRECISION_RECALL_MIN_DEN: 0.0012417, RECALL: 0.0012417, MAP: 0.0002643, MAP_MIN_DEN: 0.0006609, MRR: 0.0013217, NDCG: 0.0009120, F1: 0.0007096, HIT_RATE: 0.0024834, ARHR_ALL_HITS: 0.0013217, NOVELTY: 0.0166789, AVERAGE_POPULARITY: 0.0638672, DIVERSITY_MEAN_INTER_LIST: 0.9885436, DIVERSITY_HERFINDAHL: 0.9976760, COVERAGE_ITEM: 0.3602884, COVERAGE_ITEM_HIT: 0.0038630, ITEMS_IN_GT: 0.5791913, COVERAGE_USER: 1.0000000, COVERAGE_USER_HIT: 0.0024834, USERS_IN_GT: 1.0000000, DIVERSITY_GINI: 0.1299831, SHANNON_ENTROPY: 9.3776474, RATIO_DIVERSITY_HERFINDAHL: 0.9984842, RATIO_DIVERSITY_GINI: 0.3701955, RATIO_SHANNON_ENTROPY: 0.8667124, RATIO_AVERAGE_POPULARITY: 0.2258425, RATIO_NOVELTY: 0.0370409, 

>>> Script finished
